<?xml version="1.0" encoding="UTF-8"?>
<coverage generated="1631142411145" clover="3.2.0">
  <project timestamp="1631142411145" name="All files">
    <metrics statements="262" coveredstatements="186" conditionals="105" coveredconditionals="64" methods="108" coveredmethods="52" elements="475" coveredelements="302" complexity="0" loc="262" ncloc="262" packages="24" files="35" classes="35"/>
    <package name="actions">
      <metrics statements="66" coveredstatements="55" conditionals="4" coveredconditionals="0" methods="24" coveredmethods="4"/>
      <file name="index.tsx" path="D:\Projects\github-issue-viewer\GithubIssueViewer\src\actions\index.tsx">
        <metrics statements="66" coveredstatements="55" conditionals="4" coveredconditionals="0" methods="24" coveredmethods="4"/>
        <line num="13" count="4" type="stmt"/>
        <line num="15" count="4" type="stmt"/>
        <line num="17" count="4" type="stmt"/>
        <line num="19" count="4" type="stmt"/>
        <line num="20" count="4" type="stmt"/>
        <line num="21" count="4" type="stmt"/>
        <line num="22" count="4" type="stmt"/>
        <line num="24" count="4" type="stmt"/>
        <line num="25" count="4" type="stmt"/>
        <line num="26" count="4" type="stmt"/>
        <line num="28" count="4" type="stmt"/>
        <line num="29" count="4" type="stmt"/>
        <line num="30" count="4" type="stmt"/>
        <line num="31" count="4" type="stmt"/>
        <line num="32" count="4" type="stmt"/>
        <line num="34" count="4" type="stmt"/>
        <line num="35" count="4" type="stmt"/>
        <line num="36" count="4" type="stmt"/>
        <line num="38" count="4" type="stmt"/>
        <line num="40" count="4" type="stmt"/>
        <line num="42" count="4" type="stmt"/>
        <line num="43" count="4" type="stmt"/>
        <line num="46" count="4" type="stmt"/>
        <line num="47" count="4" type="stmt"/>
        <line num="49" count="4" type="stmt"/>
        <line num="50" count="4" type="stmt"/>
        <line num="52" count="4" type="stmt"/>
        <line num="53" count="4" type="stmt"/>
        <line num="55" count="4" type="stmt"/>
        <line num="61" count="4" type="stmt"/>
        <line num="74" count="4" type="stmt"/>
        <line num="76" count="0" type="stmt"/>
        <line num="89" count="4" type="stmt"/>
        <line num="92" count="0" type="stmt"/>
        <line num="103" count="4" type="stmt"/>
        <line num="105" count="0" type="stmt"/>
        <line num="118" count="4" type="stmt"/>
        <line num="123" count="0" type="stmt"/>
        <line num="135" count="4" type="stmt"/>
        <line num="137" count="0" type="stmt"/>
        <line num="149" count="4" type="stmt"/>
        <line num="152" count="0" type="stmt"/>
        <line num="163" count="4" type="stmt"/>
        <line num="176" count="4" type="stmt"/>
        <line num="181" count="0" type="stmt"/>
        <line num="193" count="4" type="stmt"/>
        <line num="209" count="4" type="stmt"/>
        <line num="211" count="0" type="stmt"/>
        <line num="217" count="4" type="stmt"/>
        <line num="227" count="4" type="stmt"/>
        <line num="241" count="4" type="stmt"/>
        <line num="246" count="1" type="stmt"/>
        <line num="259" count="4" type="stmt"/>
        <line num="269" count="4" type="stmt"/>
        <line num="283" count="4" type="stmt"/>
        <line num="289" count="1" type="stmt"/>
        <line num="302" count="4" type="stmt"/>
        <line num="313" count="4" type="stmt"/>
        <line num="322" count="4" type="stmt"/>
        <line num="324" count="0" type="stmt"/>
        <line num="333" count="4" type="stmt"/>
        <line num="342" count="4" type="stmt"/>
        <line num="344" count="0" type="stmt"/>
        <line num="355" count="4" type="stmt"/>
        <line num="358" count="0" type="stmt"/>
        <line num="369" count="4" type="stmt"/>
      </file>
    </package>
    <package name="components.App">
      <metrics statements="4" coveredstatements="4" conditionals="2" coveredconditionals="1" methods="1" coveredmethods="1"/>
      <file name="App.tsx" path="D:\Projects\github-issue-viewer\GithubIssueViewer\src\components\App\App.tsx">
        <metrics statements="4" coveredstatements="4" conditionals="2" coveredconditionals="1" methods="1" coveredmethods="1"/>
        <line num="25" count="1" type="stmt"/>
        <line num="27" count="1" type="stmt"/>
        <line num="28" count="1" type="stmt"/>
        <line num="30" count="1" type="stmt"/>
      </file>
    </package>
    <package name="components.Bookmark">
      <metrics statements="1" coveredstatements="1" conditionals="0" coveredconditionals="0" methods="1" coveredmethods="1"/>
      <file name="Bookmark.tsx" path="D:\Projects\github-issue-viewer\GithubIssueViewer\src\components\Bookmark\Bookmark.tsx">
        <metrics statements="1" coveredstatements="1" conditionals="0" coveredconditionals="0" methods="1" coveredmethods="1"/>
        <line num="5" count="4" type="stmt"/>
      </file>
    </package>
    <package name="components.BookmarksList">
      <metrics statements="8" coveredstatements="7" conditionals="4" coveredconditionals="4" methods="4" coveredmethods="3"/>
      <file name="BookmarksList.tsx" path="D:\Projects\github-issue-viewer\GithubIssueViewer\src\components\BookmarksList\BookmarksList.tsx">
        <metrics statements="7" coveredstatements="6" conditionals="4" coveredconditionals="4" methods="4" coveredmethods="3"/>
        <line num="17" count="2" type="stmt"/>
        <line num="18" count="4" type="stmt"/>
        <line num="20" count="4" type="stmt"/>
        <line num="22" count="4" type="stmt"/>
        <line num="29" count="6" type="stmt"/>
        <line num="32" count="1" type="stmt"/>
        <line num="34" count="0" type="stmt"/>
      </file>
      <file name="styles.ts" path="D:\Projects\github-issue-viewer\GithubIssueViewer\src\components\BookmarksList\styles.ts">
        <metrics statements="1" coveredstatements="1" conditionals="0" coveredconditionals="0" methods="0" coveredmethods="0"/>
        <line num="4" count="2" type="stmt"/>
      </file>
    </package>
    <package name="components.Header">
      <metrics statements="6" coveredstatements="6" conditionals="0" coveredconditionals="0" methods="3" coveredmethods="3"/>
      <file name="Header.tsx" path="D:\Projects\github-issue-viewer\GithubIssueViewer\src\components\Header\Header.tsx">
        <metrics statements="5" coveredstatements="5" conditionals="0" coveredconditionals="0" methods="3" coveredmethods="3"/>
        <line num="11" count="2" type="stmt"/>
        <line num="13" count="3" type="stmt"/>
        <line num="15" count="3" type="stmt"/>
        <line num="21" count="1" type="stmt"/>
        <line num="27" count="1" type="stmt"/>
      </file>
      <file name="styles.ts" path="D:\Projects\github-issue-viewer\GithubIssueViewer\src\components\Header\styles.ts">
        <metrics statements="1" coveredstatements="1" conditionals="0" coveredconditionals="0" methods="0" coveredmethods="0"/>
        <line num="3" count="2" type="stmt"/>
      </file>
    </package>
    <package name="components.Issue">
      <metrics statements="7" coveredstatements="7" conditionals="11" coveredconditionals="11" methods="4" coveredmethods="4"/>
      <file name="Issue.tsx" path="D:\Projects\github-issue-viewer\GithubIssueViewer\src\components\Issue\Issue.tsx">
        <metrics statements="6" coveredstatements="6" conditionals="11" coveredconditionals="11" methods="4" coveredmethods="4"/>
        <line num="25" count="4" type="stmt"/>
        <line num="33" count="19" type="stmt"/>
        <line num="35" count="19" type="stmt"/>
        <line num="37" count="1" type="stmt"/>
        <line num="52" count="1" type="stmt"/>
        <line num="61" count="1" type="stmt"/>
      </file>
      <file name="styles.ts" path="D:\Projects\github-issue-viewer\GithubIssueViewer\src\components\Issue\styles.ts">
        <metrics statements="1" coveredstatements="1" conditionals="0" coveredconditionals="0" methods="0" coveredmethods="0"/>
        <line num="4" count="4" type="stmt"/>
      </file>
    </package>
    <package name="components.IssueViewer">
      <metrics statements="6" coveredstatements="6" conditionals="10" coveredconditionals="7" methods="1" coveredmethods="1"/>
      <file name="IssueViewer.tsx" path="D:\Projects\github-issue-viewer\GithubIssueViewer\src\components\IssueViewer\IssueViewer.tsx">
        <metrics statements="5" coveredstatements="5" conditionals="10" coveredconditionals="7" methods="1" coveredmethods="1"/>
        <line num="15" count="2" type="stmt"/>
        <line num="16" count="2" type="cond" truecount="2" falsecount="0"/>
        <line num="17" count="2" type="stmt"/>
        <line num="19" count="2" type="stmt"/>
        <line num="21" count="2" type="stmt"/>
      </file>
      <file name="styles.ts" path="D:\Projects\github-issue-viewer\GithubIssueViewer\src\components\IssueViewer\styles.ts">
        <metrics statements="1" coveredstatements="1" conditionals="0" coveredconditionals="0" methods="0" coveredmethods="0"/>
        <line num="3" count="2" type="stmt"/>
      </file>
    </package>
    <package name="components.IssuesFilter">
      <metrics statements="11" coveredstatements="10" conditionals="0" coveredconditionals="0" methods="2" coveredmethods="1"/>
      <file name="IssuesFilter.tsx" path="D:\Projects\github-issue-viewer\GithubIssueViewer\src\components\IssuesFilter\IssuesFilter.tsx">
        <metrics statements="10" coveredstatements="9" conditionals="0" coveredconditionals="0" methods="2" coveredmethods="1"/>
        <line num="12" count="4" type="stmt"/>
        <line num="13" count="4" type="stmt"/>
        <line num="14" count="4" type="stmt"/>
        <line num="21" count="4" type="stmt"/>
        <line num="23" count="4" type="stmt"/>
        <line num="24" count="8" type="stmt"/>
        <line num="25" count="8" type="stmt"/>
        <line num="26" count="8" type="stmt"/>
        <line num="28" count="8" type="stmt"/>
        <line num="36" count="0" type="stmt"/>
      </file>
      <file name="styles.ts" path="D:\Projects\github-issue-viewer\GithubIssueViewer\src\components\IssuesFilter\styles.ts">
        <metrics statements="1" coveredstatements="1" conditionals="0" coveredconditionals="0" methods="0" coveredmethods="0"/>
        <line num="3" count="4" type="stmt"/>
      </file>
    </package>
    <package name="components.IssuesList">
      <metrics statements="18" coveredstatements="15" conditionals="12" coveredconditionals="7" methods="7" coveredmethods="4"/>
      <file name="IssuesList.tsx" path="D:\Projects\github-issue-viewer\GithubIssueViewer\src\components\IssuesList\IssuesList.tsx">
        <metrics statements="17" coveredstatements="14" conditionals="12" coveredconditionals="7" methods="7" coveredmethods="4"/>
        <line num="29" count="2" type="stmt"/>
        <line num="34" count="8" type="stmt"/>
        <line num="35" count="8" type="stmt"/>
        <line num="36" count="8" type="stmt"/>
        <line num="37" count="8" type="stmt"/>
        <line num="38" count="8" type="stmt"/>
        <line num="39" count="8" type="stmt"/>
        <line num="40" count="8" type="stmt"/>
        <line num="42" count="8" type="stmt"/>
        <line num="44" count="8" type="stmt"/>
        <line num="46" count="8" type="stmt"/>
        <line num="57" count="0" type="stmt"/>
        <line num="64" count="8" type="stmt"/>
        <line num="67" count="1" type="stmt"/>
        <line num="68" count="1" type="stmt"/>
        <line num="69" count="0" type="stmt"/>
        <line num="89" count="0" type="cond" truecount="0" falsecount="2"/>
      </file>
      <file name="styles.ts" path="D:\Projects\github-issue-viewer\GithubIssueViewer\src\components\IssuesList\styles.ts">
        <metrics statements="1" coveredstatements="1" conditionals="0" coveredconditionals="0" methods="0" coveredmethods="0"/>
        <line num="4" count="2" type="stmt"/>
      </file>
    </package>
    <package name="components.OrgsList">
      <metrics statements="14" coveredstatements="3" conditionals="10" coveredconditionals="0" methods="5" coveredmethods="0"/>
      <file name="OrgsList.tsx" path="D:\Projects\github-issue-viewer\GithubIssueViewer\src\components\OrgsList\OrgsList.tsx">
        <metrics statements="13" coveredstatements="2" conditionals="10" coveredconditionals="0" methods="5" coveredmethods="0"/>
        <line num="29" count="1" type="stmt"/>
        <line num="33" count="1" type="stmt"/>
        <line num="34" count="0" type="stmt"/>
        <line num="35" count="0" type="stmt"/>
        <line num="36" count="0" type="stmt"/>
        <line num="37" count="0" type="stmt"/>
        <line num="39" count="0" type="stmt"/>
        <line num="41" count="0" type="stmt"/>
        <line num="43" count="0" type="stmt"/>
        <line num="50" count="0" type="stmt"/>
        <line num="57" count="0" type="stmt"/>
        <line num="59" count="0" type="stmt"/>
        <line num="76" count="0" type="cond" truecount="0" falsecount="2"/>
      </file>
      <file name="styles.ts" path="D:\Projects\github-issue-viewer\GithubIssueViewer\src\components\OrgsList\styles.ts">
        <metrics statements="1" coveredstatements="1" conditionals="0" coveredconditionals="0" methods="0" coveredmethods="0"/>
        <line num="3" count="1" type="stmt"/>
      </file>
    </package>
    <package name="components.Pagination">
      <metrics statements="8" coveredstatements="4" conditionals="18" coveredconditionals="7" methods="5" coveredmethods="1"/>
      <file name="Pagination.tsx" path="D:\Projects\github-issue-viewer\GithubIssueViewer\src\components\Pagination\Pagination.tsx">
        <metrics statements="7" coveredstatements="3" conditionals="18" coveredconditionals="7" methods="5" coveredmethods="1"/>
        <line num="15" count="3" type="stmt"/>
        <line num="21" count="4" type="stmt"/>
        <line num="22" count="4" type="stmt"/>
        <line num="26" count="0" type="cond" truecount="0" falsecount="2"/>
        <line num="37" count="0" type="cond" truecount="0" falsecount="2"/>
        <line num="55" count="0" type="cond" truecount="0" falsecount="2"/>
        <line num="66" count="0" type="cond" truecount="0" falsecount="2"/>
      </file>
      <file name="styles.ts" path="D:\Projects\github-issue-viewer\GithubIssueViewer\src\components\Pagination\styles.ts">
        <metrics statements="1" coveredstatements="1" conditionals="0" coveredconditionals="0" methods="0" coveredmethods="0"/>
        <line num="3" count="3" type="stmt"/>
      </file>
    </package>
    <package name="components.ReposList">
      <metrics statements="14" coveredstatements="12" conditionals="16" coveredconditionals="14" methods="5" coveredmethods="3"/>
      <file name="ReposList.tsx" path="D:\Projects\github-issue-viewer\GithubIssueViewer\src\components\ReposList\ReposList.tsx">
        <metrics statements="13" coveredstatements="11" conditionals="16" coveredconditionals="14" methods="5" coveredmethods="3"/>
        <line num="29" count="2" type="stmt"/>
        <line num="33" count="2" type="stmt"/>
        <line num="34" count="4" type="stmt"/>
        <line num="35" count="4" type="stmt"/>
        <line num="36" count="4" type="stmt"/>
        <line num="37" count="4" type="stmt"/>
        <line num="39" count="4" type="stmt"/>
        <line num="41" count="4" type="stmt"/>
        <line num="43" count="4" type="stmt"/>
        <line num="50" count="0" type="stmt"/>
        <line num="57" count="8" type="stmt"/>
        <line num="59" count="1" type="cond" truecount="2" falsecount="0"/>
        <line num="88" count="0" type="cond" truecount="0" falsecount="2"/>
      </file>
      <file name="styles.ts" path="D:\Projects\github-issue-viewer\GithubIssueViewer\src\components\ReposList\styles.ts">
        <metrics statements="1" coveredstatements="1" conditionals="0" coveredconditionals="0" methods="0" coveredmethods="0"/>
        <line num="3" count="2" type="stmt"/>
      </file>
    </package>
    <package name="components.SearchInput">
      <metrics statements="4" coveredstatements="2" conditionals="0" coveredconditionals="0" methods="1" coveredmethods="0"/>
      <file name="SearchInput.tsx" path="D:\Projects\github-issue-viewer\GithubIssueViewer\src\components\SearchInput\SearchInput.tsx">
        <metrics statements="3" coveredstatements="1" conditionals="0" coveredconditionals="0" methods="1" coveredmethods="0"/>
        <line num="13" count="1" type="stmt"/>
        <line num="14" count="0" type="stmt"/>
        <line num="16" count="0" type="stmt"/>
      </file>
      <file name="styles.ts" path="D:\Projects\github-issue-viewer\GithubIssueViewer\src\components\SearchInput\styles.ts">
        <metrics statements="1" coveredstatements="1" conditionals="0" coveredconditionals="0" methods="0" coveredmethods="0"/>
        <line num="3" count="1" type="stmt"/>
      </file>
    </package>
    <package name="components.Settings">
      <metrics statements="1" coveredstatements="1" conditionals="0" coveredconditionals="0" methods="1" coveredmethods="1"/>
      <file name="Settings.tsx" path="D:\Projects\github-issue-viewer\GithubIssueViewer\src\components\Settings\Settings.tsx">
        <metrics statements="1" coveredstatements="1" conditionals="0" coveredconditionals="0" methods="1" coveredmethods="1"/>
        <line num="5" count="3" type="stmt"/>
      </file>
    </package>
    <package name="components.ThemeContext">
      <metrics statements="2" coveredstatements="2" conditionals="0" coveredconditionals="0" methods="0" coveredmethods="0"/>
      <file name="ThemeContext.tsx" path="D:\Projects\github-issue-viewer\GithubIssueViewer\src\components\ThemeContext\ThemeContext.tsx">
        <metrics statements="2" coveredstatements="2" conditionals="0" coveredconditionals="0" methods="0" coveredmethods="0"/>
        <line num="13" count="7" type="stmt"/>
        <line num="28" count="7" type="stmt"/>
      </file>
    </package>
    <package name="reducers">
      <metrics statements="7" coveredstatements="7" conditionals="6" coveredconditionals="6" methods="1" coveredmethods="1"/>
      <file name="issues.ts" path="D:\Projects\github-issue-viewer\GithubIssueViewer\src\reducers\issues.ts">
        <metrics statements="7" coveredstatements="7" conditionals="6" coveredconditionals="6" methods="1" coveredmethods="1"/>
        <line num="21" count="1" type="stmt"/>
        <line num="40" count="5" type="cond" truecount="5" falsecount="0"/>
        <line num="42" count="1" type="stmt"/>
        <line num="47" count="1" type="stmt"/>
        <line num="57" count="1" type="stmt"/>
        <line num="62" count="1" type="stmt"/>
        <line num="67" count="1" type="stmt"/>
      </file>
    </package>
    <package name="screens.BookmarksBrowserScreen">
      <metrics statements="8" coveredstatements="1" conditionals="0" coveredconditionals="0" methods="3" coveredmethods="0"/>
      <file name="BookmarksBrowserScreen.tsx" path="D:\Projects\github-issue-viewer\GithubIssueViewer\src\screens\BookmarksBrowserScreen\BookmarksBrowserScreen.tsx">
        <metrics statements="8" coveredstatements="1" conditionals="0" coveredconditionals="0" methods="3" coveredmethods="0"/>
        <line num="13" count="1" type="stmt"/>
        <line num="14" count="0" type="stmt"/>
        <line num="15" count="0" type="stmt"/>
        <line num="17" count="0" type="stmt"/>
        <line num="19" count="0" type="stmt"/>
        <line num="24" count="0" type="stmt"/>
        <line num="26" count="0" type="stmt"/>
        <line num="31" count="0" type="stmt"/>
      </file>
    </package>
    <package name="screens.IssueViewerScreen">
      <metrics statements="5" coveredstatements="1" conditionals="0" coveredconditionals="0" methods="1" coveredmethods="0"/>
      <file name="IssueViewerScreen.tsx" path="D:\Projects\github-issue-viewer\GithubIssueViewer\src\screens\IssueViewerScreen\IssueViewerScreen.tsx">
        <metrics statements="5" coveredstatements="1" conditionals="0" coveredconditionals="0" methods="1" coveredmethods="0"/>
        <line num="13" count="1" type="stmt"/>
        <line num="14" count="0" type="stmt"/>
        <line num="16" count="0" type="stmt"/>
        <line num="17" count="0" type="stmt"/>
        <line num="19" count="0" type="stmt"/>
      </file>
    </package>
    <package name="screens.IssuesBrowserScreen">
      <metrics statements="13" coveredstatements="1" conditionals="0" coveredconditionals="0" methods="4" coveredmethods="0"/>
      <file name="IssuesBrowserScreen.tsx" path="D:\Projects\github-issue-viewer\GithubIssueViewer\src\screens\IssuesBrowserScreen\IssuesBrowserScreen.tsx">
        <metrics statements="13" coveredstatements="1" conditionals="0" coveredconditionals="0" methods="4" coveredmethods="0"/>
        <line num="16" count="1" type="stmt"/>
        <line num="17" count="0" type="stmt"/>
        <line num="18" count="0" type="stmt"/>
        <line num="20" count="0" type="stmt"/>
        <line num="21" count="0" type="stmt"/>
        <line num="23" count="0" type="stmt"/>
        <line num="25" count="0" type="stmt"/>
        <line num="33" count="0" type="stmt"/>
        <line num="35" count="0" type="stmt"/>
        <line num="40" count="0" type="stmt"/>
        <line num="42" count="0" type="stmt"/>
        <line num="47" count="0" type="stmt"/>
        <line num="52" count="0" type="stmt"/>
      </file>
    </package>
    <package name="screens.RepoSearchScreen">
      <metrics statements="13" coveredstatements="1" conditionals="2" coveredconditionals="0" methods="4" coveredmethods="0"/>
      <file name="RepoSearchScreen.tsx" path="D:\Projects\github-issue-viewer\GithubIssueViewer\src\screens\RepoSearchScreen\RepoSearchScreen.tsx">
        <metrics statements="13" coveredstatements="1" conditionals="2" coveredconditionals="0" methods="4" coveredmethods="0"/>
        <line num="26" count="1" type="stmt"/>
        <line num="27" count="0" type="stmt"/>
        <line num="28" count="0" type="stmt"/>
        <line num="30" count="0" type="stmt"/>
        <line num="32" count="0" type="stmt"/>
        <line num="34" count="0" type="stmt"/>
        <line num="36" count="0" type="stmt"/>
        <line num="37" count="0" type="stmt"/>
        <line num="42" count="0" type="stmt"/>
        <line num="44" count="0" type="stmt"/>
        <line num="49" count="0" type="stmt"/>
        <line num="59" count="0" type="stmt"/>
        <line num="60" count="0" type="stmt"/>
      </file>
    </package>
    <package name="selectors">
      <metrics statements="33" coveredstatements="28" conditionals="0" coveredconditionals="0" methods="29" coveredmethods="22"/>
      <file name="index.tsx" path="D:\Projects\github-issue-viewer\GithubIssueViewer\src\selectors\index.tsx">
        <metrics statements="33" coveredstatements="28" conditionals="0" coveredconditionals="0" methods="29" coveredmethods="22"/>
        <line num="5" count="8" type="stmt"/>
        <line num="6" count="8" type="stmt"/>
        <line num="7" count="8" type="stmt"/>
        <line num="8" count="6" type="stmt"/>
        <line num="9" count="8" type="stmt"/>
        <line num="10" count="8" type="stmt"/>
        <line num="11" count="8" type="stmt"/>
        <line num="12" count="8" type="stmt"/>
        <line num="14" count="8" type="stmt"/>
        <line num="15" count="6" type="stmt"/>
        <line num="16" count="0" type="stmt"/>
        <line num="17" count="8" type="stmt"/>
        <line num="18" count="8" type="stmt"/>
        <line num="19" count="8" type="stmt"/>
        <line num="21" count="6" type="stmt"/>
        <line num="22" count="6" type="stmt"/>
        <line num="23" count="0" type="stmt"/>
        <line num="24" count="6" type="stmt"/>
        <line num="25" count="0" type="stmt"/>
        <line num="26" count="6" type="stmt"/>
        <line num="27" count="0" type="stmt"/>
        <line num="28" count="6" type="stmt"/>
        <line num="30" count="6" type="stmt"/>
        <line num="31" count="0" type="stmt"/>
        <line num="33" count="6" type="stmt"/>
        <line num="34" count="2" type="stmt"/>
        <line num="36" count="6" type="stmt"/>
        <line num="37" count="4" type="stmt"/>
        <line num="38" count="8" type="stmt"/>
        <line num="41" count="6" type="stmt"/>
        <line num="42" count="8" type="stmt"/>
        <line num="44" count="6" type="stmt"/>
        <line num="45" count="2" type="stmt"/>
      </file>
    </package>
    <package name="styles">
      <metrics statements="2" coveredstatements="2" conditionals="0" coveredconditionals="0" methods="0" coveredmethods="0"/>
      <file name="index.tsx" path="D:\Projects\github-issue-viewer\GithubIssueViewer\src\styles\index.tsx">
        <metrics statements="2" coveredstatements="2" conditionals="0" coveredconditionals="0" methods="0" coveredmethods="0"/>
        <line num="3" count="5" type="stmt"/>
        <line num="30" count="5" type="stmt"/>
      </file>
    </package>
    <package name="testData">
      <metrics statements="4" coveredstatements="4" conditionals="0" coveredconditionals="0" methods="0" coveredmethods="0"/>
      <file name="testIssue.ts" path="D:\Projects\github-issue-viewer\GithubIssueViewer\src\testData\testIssue.ts">
        <metrics statements="1" coveredstatements="1" conditionals="0" coveredconditionals="0" methods="0" coveredmethods="0"/>
        <line num="3" count="5" type="stmt"/>
      </file>
      <file name="testRepo.ts" path="D:\Projects\github-issue-viewer\GithubIssueViewer\src\testData\testRepo.ts">
        <metrics statements="3" coveredstatements="3" conditionals="0" coveredconditionals="0" methods="0" coveredmethods="0"/>
        <line num="3" count="1" type="stmt"/>
        <line num="26" count="1" type="stmt"/>
        <line num="131" count="1" type="stmt"/>
      </file>
    </package>
    <package name="utils">
      <metrics statements="7" coveredstatements="6" conditionals="10" coveredconditionals="7" methods="2" coveredmethods="2"/>
      <file name="index.ts" path="D:\Projects\github-issue-viewer\GithubIssueViewer\src\utils\index.ts">
        <metrics statements="7" coveredstatements="6" conditionals="10" coveredconditionals="7" methods="2" coveredmethods="2"/>
        <line num="10" count="3" type="stmt"/>
        <line num="16" count="4" type="cond" truecount="2" falsecount="2"/>
        <line num="17" count="0" type="stmt"/>
        <line num="20" count="4" type="cond" truecount="1" falsecount="1"/>
        <line num="22" count="4" type="stmt"/>
        <line num="25" count="3" type="stmt"/>
        <line num="26" count="24" type="cond" truecount="4" falsecount="0"/>
      </file>
    </package>
  </project>
</coverage>
