{"D:\\Projects\\github-issue-viewer\\GithubIssueViewer\\src\\actions\\index.tsx": {"path":"D:\\Projects\\github-issue-viewer\\GithubIssueViewer\\src\\actions\\index.tsx","statementMap":{"0":{"start":{"line":13,"column":33},"end":{"line":13,"column":59}},"1":{"start":{"line":15,"column":35},"end":{"line":15,"column":56}},"2":{"start":{"line":17,"column":35},"end":{"line":17,"column":64}},"3":{"start":{"line":19,"column":32},"end":{"line":19,"column":58}},"4":{"start":{"line":20,"column":35},"end":{"line":20,"column":64}},"5":{"start":{"line":21,"column":35},"end":{"line":21,"column":64}},"6":{"start":{"line":22,"column":32},"end":{"line":22,"column":58}},"7":{"start":{"line":24,"column":31},"end":{"line":24,"column":56}},"8":{"start":{"line":25,"column":34},"end":{"line":25,"column":62}},"9":{"start":{"line":26,"column":34},"end":{"line":26,"column":62}},"10":{"start":{"line":28,"column":33},"end":{"line":28,"column":60}},"11":{"start":{"line":29,"column":36},"end":{"line":29,"column":66}},"12":{"start":{"line":30,"column":36},"end":{"line":30,"column":66}},"13":{"start":{"line":31,"column":33},"end":{"line":31,"column":60}},"14":{"start":{"line":32,"column":36},"end":{"line":32,"column":66}},"15":{"start":{"line":34,"column":39},"end":{"line":34,"column":72}},"16":{"start":{"line":35,"column":42},"end":{"line":35,"column":78}},"17":{"start":{"line":36,"column":42},"end":{"line":36,"column":78}},"18":{"start":{"line":38,"column":40},"end":{"line":38,"column":74}},"19":{"start":{"line":40,"column":2},"end":{"line":40,"column":39}},"20":{"start":{"line":42,"column":2},"end":{"line":42,"column":39}},"21":{"start":{"line":43,"column":40},"end":{"line":43,"column":74}},"22":{"start":{"line":46,"column":38},"end":{"line":46,"column":70}},"23":{"start":{"line":47,"column":41},"end":{"line":47,"column":76}},"24":{"start":{"line":49,"column":35},"end":{"line":49,"column":64}},"25":{"start":{"line":50,"column":38},"end":{"line":50,"column":70}},"26":{"start":{"line":52,"column":35},"end":{"line":52,"column":64}},"27":{"start":{"line":53,"column":38},"end":{"line":53,"column":70}},"28":{"start":{"line":55,"column":31},"end":{"line":55,"column":56}},"29":{"start":{"line":61,"column":32},"end":{"line":63,"column":2}},"30":{"start":{"line":61,"column":63},"end":{"line":63,"column":1}},"31":{"start":{"line":74,"column":34},"end":{"line":79,"column":2}},"32":{"start":{"line":76,"column":32},"end":{"line":79,"column":1}},"33":{"start":{"line":89,"column":38},"end":{"line":96,"column":2}},"34":{"start":{"line":92,"column":36},"end":{"line":96,"column":1}},"35":{"start":{"line":103,"column":38},"end":{"line":108,"column":2}},"36":{"start":{"line":105,"column":36},"end":{"line":108,"column":1}},"37":{"start":{"line":118,"column":41},"end":{"line":129,"column":2}},"38":{"start":{"line":123,"column":39},"end":{"line":129,"column":1}},"39":{"start":{"line":135,"column":41},"end":{"line":140,"column":2}},"40":{"start":{"line":137,"column":39},"end":{"line":140,"column":1}},"41":{"start":{"line":149,"column":30},"end":{"line":156,"column":2}},"42":{"start":{"line":152,"column":28},"end":{"line":156,"column":1}},"43":{"start":{"line":163,"column":30},"end":{"line":166,"column":2}},"44":{"start":{"line":163,"column":71},"end":{"line":166,"column":1}},"45":{"start":{"line":176,"column":33},"end":{"line":187,"column":2}},"46":{"start":{"line":181,"column":31},"end":{"line":187,"column":1}},"47":{"start":{"line":193,"column":33},"end":{"line":196,"column":2}},"48":{"start":{"line":193,"column":76},"end":{"line":196,"column":1}},"49":{"start":{"line":209,"column":32},"end":{"line":211,"column":63}},"50":{"start":{"line":211,"column":30},"end":{"line":211,"column":62}},"51":{"start":{"line":217,"column":32},"end":{"line":220,"column":2}},"52":{"start":{"line":217,"column":74},"end":{"line":220,"column":1}},"53":{"start":{"line":227,"column":32},"end":{"line":230,"column":2}},"54":{"start":{"line":227,"column":75},"end":{"line":230,"column":1}},"55":{"start":{"line":241,"column":31},"end":{"line":252,"column":2}},"56":{"start":{"line":246,"column":29},"end":{"line":252,"column":1}},"57":{"start":{"line":259,"column":31},"end":{"line":262,"column":2}},"58":{"start":{"line":259,"column":73},"end":{"line":262,"column":1}},"59":{"start":{"line":269,"column":34},"end":{"line":272,"column":2}},"60":{"start":{"line":269,"column":79},"end":{"line":272,"column":1}},"61":{"start":{"line":283,"column":34},"end":{"line":296,"column":2}},"62":{"start":{"line":289,"column":32},"end":{"line":296,"column":1}},"63":{"start":{"line":302,"column":34},"end":{"line":305,"column":2}},"64":{"start":{"line":302,"column":78},"end":{"line":305,"column":1}},"65":{"start":{"line":313,"column":36},"end":{"line":315,"column":2}},"66":{"start":{"line":313,"column":71},"end":{"line":315,"column":1}},"67":{"start":{"line":322,"column":39},"end":{"line":327,"column":2}},"68":{"start":{"line":324,"column":37},"end":{"line":327,"column":1}},"69":{"start":{"line":333,"column":33},"end":{"line":335,"column":2}},"70":{"start":{"line":333,"column":65},"end":{"line":335,"column":1}},"71":{"start":{"line":342,"column":29},"end":{"line":347,"column":2}},"72":{"start":{"line":344,"column":31},"end":{"line":347,"column":1}},"73":{"start":{"line":355,"column":36},"end":{"line":362,"column":2}},"74":{"start":{"line":358,"column":34},"end":{"line":362,"column":1}},"75":{"start":{"line":369,"column":30},"end":{"line":372,"column":2}},"76":{"start":{"line":369,"column":74},"end":{"line":372,"column":1}}},"fnMap":{"0":{"name":"(anonymous_0)","decl":{"start":{"line":61,"column":32},"end":{"line":61,"column":33}},"loc":{"start":{"line":61,"column":63},"end":{"line":63,"column":1}},"line":61},"1":{"name":"(anonymous_1)","decl":{"start":{"line":74,"column":34},"end":{"line":74,"column":35}},"loc":{"start":{"line":76,"column":32},"end":{"line":79,"column":1}},"line":76},"2":{"name":"(anonymous_2)","decl":{"start":{"line":89,"column":38},"end":{"line":89,"column":39}},"loc":{"start":{"line":92,"column":36},"end":{"line":96,"column":1}},"line":92},"3":{"name":"(anonymous_3)","decl":{"start":{"line":103,"column":38},"end":{"line":103,"column":39}},"loc":{"start":{"line":105,"column":36},"end":{"line":108,"column":1}},"line":105},"4":{"name":"(anonymous_4)","decl":{"start":{"line":118,"column":41},"end":{"line":118,"column":42}},"loc":{"start":{"line":123,"column":39},"end":{"line":129,"column":1}},"line":123},"5":{"name":"(anonymous_5)","decl":{"start":{"line":135,"column":41},"end":{"line":135,"column":42}},"loc":{"start":{"line":137,"column":39},"end":{"line":140,"column":1}},"line":137},"6":{"name":"(anonymous_6)","decl":{"start":{"line":149,"column":30},"end":{"line":149,"column":31}},"loc":{"start":{"line":152,"column":28},"end":{"line":156,"column":1}},"line":152},"7":{"name":"(anonymous_7)","decl":{"start":{"line":163,"column":30},"end":{"line":163,"column":31}},"loc":{"start":{"line":163,"column":71},"end":{"line":166,"column":1}},"line":163},"8":{"name":"(anonymous_8)","decl":{"start":{"line":176,"column":33},"end":{"line":176,"column":34}},"loc":{"start":{"line":181,"column":31},"end":{"line":187,"column":1}},"line":181},"9":{"name":"(anonymous_9)","decl":{"start":{"line":193,"column":33},"end":{"line":193,"column":34}},"loc":{"start":{"line":193,"column":76},"end":{"line":196,"column":1}},"line":193},"10":{"name":"(anonymous_10)","decl":{"start":{"line":209,"column":32},"end":{"line":209,"column":33}},"loc":{"start":{"line":211,"column":30},"end":{"line":211,"column":62}},"line":211},"11":{"name":"(anonymous_11)","decl":{"start":{"line":217,"column":32},"end":{"line":217,"column":33}},"loc":{"start":{"line":217,"column":74},"end":{"line":220,"column":1}},"line":217},"12":{"name":"(anonymous_12)","decl":{"start":{"line":227,"column":32},"end":{"line":227,"column":33}},"loc":{"start":{"line":227,"column":75},"end":{"line":230,"column":1}},"line":227},"13":{"name":"(anonymous_13)","decl":{"start":{"line":241,"column":31},"end":{"line":241,"column":32}},"loc":{"start":{"line":246,"column":29},"end":{"line":252,"column":1}},"line":246},"14":{"name":"(anonymous_14)","decl":{"start":{"line":259,"column":31},"end":{"line":259,"column":32}},"loc":{"start":{"line":259,"column":73},"end":{"line":262,"column":1}},"line":259},"15":{"name":"(anonymous_15)","decl":{"start":{"line":269,"column":34},"end":{"line":269,"column":35}},"loc":{"start":{"line":269,"column":79},"end":{"line":272,"column":1}},"line":269},"16":{"name":"(anonymous_16)","decl":{"start":{"line":283,"column":34},"end":{"line":283,"column":35}},"loc":{"start":{"line":289,"column":32},"end":{"line":296,"column":1}},"line":289},"17":{"name":"(anonymous_17)","decl":{"start":{"line":302,"column":34},"end":{"line":302,"column":35}},"loc":{"start":{"line":302,"column":78},"end":{"line":305,"column":1}},"line":302},"18":{"name":"(anonymous_18)","decl":{"start":{"line":313,"column":36},"end":{"line":313,"column":37}},"loc":{"start":{"line":313,"column":71},"end":{"line":315,"column":1}},"line":313},"19":{"name":"(anonymous_19)","decl":{"start":{"line":322,"column":39},"end":{"line":322,"column":40}},"loc":{"start":{"line":324,"column":37},"end":{"line":327,"column":1}},"line":324},"20":{"name":"(anonymous_20)","decl":{"start":{"line":333,"column":33},"end":{"line":333,"column":34}},"loc":{"start":{"line":333,"column":65},"end":{"line":335,"column":1}},"line":333},"21":{"name":"(anonymous_21)","decl":{"start":{"line":342,"column":29},"end":{"line":342,"column":30}},"loc":{"start":{"line":344,"column":31},"end":{"line":347,"column":1}},"line":344},"22":{"name":"(anonymous_22)","decl":{"start":{"line":355,"column":36},"end":{"line":355,"column":37}},"loc":{"start":{"line":358,"column":34},"end":{"line":362,"column":1}},"line":358},"23":{"name":"(anonymous_23)","decl":{"start":{"line":369,"column":30},"end":{"line":369,"column":31}},"loc":{"start":{"line":369,"column":74},"end":{"line":372,"column":1}},"line":369}},"branchMap":{"0":{"loc":{"start":{"line":91,"column":2},"end":{"line":91,"column":18}},"type":"default-arg","locations":[{"start":{"line":91,"column":17},"end":{"line":91,"column":18}}],"line":91},"1":{"loc":{"start":{"line":151,"column":2},"end":{"line":151,"column":18}},"type":"default-arg","locations":[{"start":{"line":151,"column":17},"end":{"line":151,"column":18}}],"line":151},"2":{"loc":{"start":{"line":244,"column":2},"end":{"line":244,"column":18}},"type":"default-arg","locations":[{"start":{"line":244,"column":17},"end":{"line":244,"column":18}}],"line":244},"3":{"loc":{"start":{"line":245,"column":2},"end":{"line":245,"column":33}},"type":"default-arg","locations":[{"start":{"line":245,"column":23},"end":{"line":245,"column":33}}],"line":245}},"s":{"0":4,"1":4,"2":4,"3":4,"4":4,"5":4,"6":4,"7":4,"8":4,"9":4,"10":4,"11":4,"12":4,"13":4,"14":4,"15":4,"16":4,"17":4,"18":4,"19":4,"20":4,"21":4,"22":4,"23":4,"24":4,"25":4,"26":4,"27":4,"28":4,"29":4,"30":0,"31":4,"32":0,"33":4,"34":0,"35":4,"36":0,"37":4,"38":0,"39":4,"40":0,"41":4,"42":0,"43":4,"44":0,"45":4,"46":0,"47":4,"48":0,"49":4,"50":0,"51":4,"52":0,"53":4,"54":0,"55":4,"56":1,"57":4,"58":0,"59":4,"60":1,"61":4,"62":1,"63":4,"64":1,"65":4,"66":0,"67":4,"68":0,"69":4,"70":0,"71":4,"72":0,"73":4,"74":0,"75":4,"76":0},"f":{"0":0,"1":0,"2":0,"3":0,"4":0,"5":0,"6":0,"7":0,"8":0,"9":0,"10":0,"11":0,"12":0,"13":1,"14":0,"15":1,"16":1,"17":1,"18":0,"19":0,"20":0,"21":0,"22":0,"23":0},"b":{"0":[0],"1":[0],"2":[0],"3":[0]},"_coverageSchema":"1a1c01bbd47fc00a2c39e90264f33305004495a9","hash":"d69c1c2aa5ffa2af098741c9e48a909261e92373"}
,"D:\\Projects\\github-issue-viewer\\GithubIssueViewer\\src\\components\\App\\App.tsx": {"path":"D:\\Projects\\github-issue-viewer\\GithubIssueViewer\\src\\components\\App\\App.tsx","statementMap":{"0":{"start":{"line":25,"column":14},"end":{"line":25,"column":62}},"1":{"start":{"line":27,"column":12},"end":{"line":58,"column":1}},"2":{"start":{"line":28,"column":21},"end":{"line":28,"column":48}},"3":{"start":{"line":30,"column":2},"end":{"line":57,"column":4}}},"fnMap":{"0":{"name":"(anonymous_0)","decl":{"start":{"line":27,"column":12},"end":{"line":27,"column":13}},"loc":{"start":{"line":27,"column":18},"end":{"line":58,"column":1}},"line":27}},"branchMap":{"0":{"loc":{"start":{"line":31,"column":34},"end":{"line":31,"column":73}},"type":"cond-expr","locations":[{"start":{"line":31,"column":47},"end":{"line":31,"column":58}},{"start":{"line":31,"column":61},"end":{"line":31,"column":73}}],"line":31}},"s":{"0":1,"1":1,"2":1,"3":1},"f":{"0":1},"b":{"0":[0,1]},"_coverageSchema":"1a1c01bbd47fc00a2c39e90264f33305004495a9","hash":"e578950b075aec68927630b63c5a3e74ed1b492c"}
,"D:\\Projects\\github-issue-viewer\\GithubIssueViewer\\src\\components\\Bookmark\\Bookmark.tsx": {"path":"D:\\Projects\\github-issue-viewer\\GithubIssueViewer\\src\\components\\Bookmark\\Bookmark.tsx","statementMap":{"0":{"start":{"line":5,"column":2},"end":{"line":16,"column":4}}},"fnMap":{"0":{"name":"Bookmark","decl":{"start":{"line":4,"column":9},"end":{"line":4,"column":17}},"loc":{"start":{"line":4,"column":35},"end":{"line":17,"column":1}},"line":4}},"branchMap":{},"s":{"0":4},"f":{"0":4},"b":{},"_coverageSchema":"1a1c01bbd47fc00a2c39e90264f33305004495a9","hash":"84eb515927e5f46ecac2fe96e73291c5ad776ee9"}
,"D:\\Projects\\github-issue-viewer\\GithubIssueViewer\\src\\components\\BookmarksList\\BookmarksList.tsx": {"path":"D:\\Projects\\github-issue-viewer\\GithubIssueViewer\\src\\components\\BookmarksList\\BookmarksList.tsx","statementMap":{"0":{"start":{"line":17,"column":22},"end":{"line":46,"column":1}},"1":{"start":{"line":18,"column":17},"end":{"line":18,"column":42}},"2":{"start":{"line":20,"column":16},"end":{"line":20,"column":40}},"3":{"start":{"line":22,"column":2},"end":{"line":45,"column":4}},"4":{"start":{"line":29,"column":14},"end":{"line":40,"column":16}},"5":{"start":{"line":32,"column":32},"end":{"line":32,"column":52}},"6":{"start":{"line":34,"column":40},"end":{"line":34,"column":66}}},"fnMap":{"0":{"name":"(anonymous_0)","decl":{"start":{"line":17,"column":22},"end":{"line":17,"column":23}},"loc":{"start":{"line":17,"column":78},"end":{"line":46,"column":1}},"line":17},"1":{"name":"(anonymous_1)","decl":{"start":{"line":28,"column":23},"end":{"line":28,"column":24}},"loc":{"start":{"line":29,"column":14},"end":{"line":40,"column":16}},"line":29},"2":{"name":"(anonymous_2)","decl":{"start":{"line":32,"column":26},"end":{"line":32,"column":27}},"loc":{"start":{"line":32,"column":32},"end":{"line":32,"column":52}},"line":32},"3":{"name":"(anonymous_3)","decl":{"start":{"line":34,"column":34},"end":{"line":34,"column":35}},"loc":{"start":{"line":34,"column":40},"end":{"line":34,"column":66}},"line":34}},"branchMap":{"0":{"loc":{"start":{"line":27,"column":11},"end":{"line":41,"column":14}},"type":"binary-expr","locations":[{"start":{"line":27,"column":11},"end":{"line":27,"column":28}},{"start":{"line":28,"column":12},"end":{"line":41,"column":14}}],"line":27},"1":{"loc":{"start":{"line":36,"column":18},"end":{"line":38,"column":53}},"type":"cond-expr","locations":[{"start":{"line":37,"column":22},"end":{"line":37,"column":42}},{"start":{"line":38,"column":22},"end":{"line":38,"column":53}}],"line":36}},"s":{"0":2,"1":4,"2":4,"3":4,"4":6,"5":1,"6":0},"f":{"0":4,"1":6,"2":1,"3":0},"b":{"0":[4,4],"1":[2,4]},"_coverageSchema":"1a1c01bbd47fc00a2c39e90264f33305004495a9","hash":"1d25559a4c390679356ead964f2355f1bb040db2"}
,"D:\\Projects\\github-issue-viewer\\GithubIssueViewer\\src\\components\\BookmarksList\\styles.ts": {"path":"D:\\Projects\\github-issue-viewer\\GithubIssueViewer\\src\\components\\BookmarksList\\styles.ts","statementMap":{"0":{"start":{"line":4,"column":15},"end":{"line":49,"column":2}}},"fnMap":{},"branchMap":{},"s":{"0":2},"f":{},"b":{},"_coverageSchema":"1a1c01bbd47fc00a2c39e90264f33305004495a9","hash":"af8eb4ddf9be66df9bc1efa56b042ff9e1c238ef"}
,"D:\\Projects\\github-issue-viewer\\GithubIssueViewer\\src\\components\\Header\\Header.tsx": {"path":"D:\\Projects\\github-issue-viewer\\GithubIssueViewer\\src\\components\\Header\\Header.tsx","statementMap":{"0":{"start":{"line":11,"column":15},"end":{"line":31,"column":1}},"1":{"start":{"line":13,"column":4},"end":{"line":13,"column":78}},"2":{"start":{"line":15,"column":2},"end":{"line":30,"column":4}},"3":{"start":{"line":21,"column":23},"end":{"line":21,"column":43}},"4":{"start":{"line":27,"column":23},"end":{"line":27,"column":51}}},"fnMap":{"0":{"name":"(anonymous_0)","decl":{"start":{"line":11,"column":15},"end":{"line":11,"column":16}},"loc":{"start":{"line":11,"column":21},"end":{"line":31,"column":1}},"line":11},"1":{"name":"(anonymous_1)","decl":{"start":{"line":21,"column":17},"end":{"line":21,"column":18}},"loc":{"start":{"line":21,"column":23},"end":{"line":21,"column":43}},"line":21},"2":{"name":"(anonymous_2)","decl":{"start":{"line":27,"column":17},"end":{"line":27,"column":18}},"loc":{"start":{"line":27,"column":23},"end":{"line":27,"column":51}},"line":27}},"branchMap":{},"s":{"0":2,"1":3,"2":3,"3":1,"4":1},"f":{"0":3,"1":1,"2":1},"b":{},"_coverageSchema":"1a1c01bbd47fc00a2c39e90264f33305004495a9","hash":"dfb7d1ddcf3174f186b74e1173517c356bf55b64"}
,"D:\\Projects\\github-issue-viewer\\GithubIssueViewer\\src\\components\\Header\\styles.ts": {"path":"D:\\Projects\\github-issue-viewer\\GithubIssueViewer\\src\\components\\Header\\styles.ts","statementMap":{"0":{"start":{"line":3,"column":15},"end":{"line":14,"column":2}}},"fnMap":{},"branchMap":{},"s":{"0":2},"f":{},"b":{},"_coverageSchema":"1a1c01bbd47fc00a2c39e90264f33305004495a9","hash":"6a0958d47147a7389dcbf9ec11dca92fa989048d"}
,"D:\\Projects\\github-issue-viewer\\GithubIssueViewer\\src\\components\\Issue\\Issue.tsx": {"path":"D:\\Projects\\github-issue-viewer\\GithubIssueViewer\\src\\components\\Issue\\Issue.tsx","statementMap":{"0":{"start":{"line":25,"column":14},"end":{"line":68,"column":1}},"1":{"start":{"line":33,"column":16},"end":{"line":33,"column":40}},"2":{"start":{"line":35,"column":2},"end":{"line":67,"column":4}},"3":{"start":{"line":37,"column":39},"end":{"line":37,"column":49}},"4":{"start":{"line":52,"column":27},"end":{"line":52,"column":39}},"5":{"start":{"line":61,"column":27},"end":{"line":61,"column":45}}},"fnMap":{"0":{"name":"(anonymous_0)","decl":{"start":{"line":25,"column":14},"end":{"line":25,"column":15}},"loc":{"start":{"line":32,"column":18},"end":{"line":68,"column":1}},"line":32},"1":{"name":"(anonymous_1)","decl":{"start":{"line":37,"column":33},"end":{"line":37,"column":34}},"loc":{"start":{"line":37,"column":39},"end":{"line":37,"column":49}},"line":37},"2":{"name":"(anonymous_2)","decl":{"start":{"line":52,"column":21},"end":{"line":52,"column":22}},"loc":{"start":{"line":52,"column":27},"end":{"line":52,"column":39}},"line":52},"3":{"name":"(anonymous_3)","decl":{"start":{"line":61,"column":21},"end":{"line":61,"column":22}},"loc":{"start":{"line":61,"column":27},"end":{"line":61,"column":45}},"line":61}},"branchMap":{"0":{"loc":{"start":{"line":29,"column":2},"end":{"line":29,"column":21}},"type":"default-arg","locations":[{"start":{"line":29,"column":16},"end":{"line":29,"column":21}}],"line":29},"1":{"loc":{"start":{"line":42,"column":9},"end":{"line":46,"column":9}},"type":"binary-expr","locations":[{"start":{"line":42,"column":9},"end":{"line":42,"column":25}},{"start":{"line":43,"column":10},"end":{"line":45,"column":17}}],"line":42},"2":{"loc":{"start":{"line":48,"column":7},"end":{"line":56,"column":14}},"type":"cond-expr","locations":[{"start":{"line":49,"column":8},"end":{"line":55,"column":15}},{"start":{"line":56,"column":10},"end":{"line":56,"column":14}}],"line":48},"3":{"loc":{"start":{"line":48,"column":7},"end":{"line":48,"column":32}},"type":"binary-expr","locations":[{"start":{"line":48,"column":7},"end":{"line":48,"column":18}},{"start":{"line":48,"column":22},"end":{"line":48,"column":32}}],"line":48},"4":{"loc":{"start":{"line":57,"column":7},"end":{"line":65,"column":14}},"type":"cond-expr","locations":[{"start":{"line":58,"column":8},"end":{"line":64,"column":15}},{"start":{"line":65,"column":10},"end":{"line":65,"column":14}}],"line":57},"5":{"loc":{"start":{"line":57,"column":7},"end":{"line":57,"column":39}},"type":"binary-expr","locations":[{"start":{"line":57,"column":7},"end":{"line":57,"column":19}},{"start":{"line":57,"column":23},"end":{"line":57,"column":39}}],"line":57}},"s":{"0":4,"1":19,"2":19,"3":1,"4":1,"5":1},"f":{"0":19,"1":1,"2":1,"3":1},"b":{"0":[4],"1":[19,19],"2":[9,10],"3":[19,9],"4":[10,9],"5":[19,10]},"_coverageSchema":"1a1c01bbd47fc00a2c39e90264f33305004495a9","hash":"97ba63f0da083589fd3f79f50c865636b288ece9"}
,"D:\\Projects\\github-issue-viewer\\GithubIssueViewer\\src\\components\\Issue\\styles.ts": {"path":"D:\\Projects\\github-issue-viewer\\GithubIssueViewer\\src\\components\\Issue\\styles.ts","statementMap":{"0":{"start":{"line":4,"column":15},"end":{"line":34,"column":2}}},"fnMap":{},"branchMap":{},"s":{"0":4},"f":{},"b":{},"_coverageSchema":"1a1c01bbd47fc00a2c39e90264f33305004495a9","hash":"3b61f44931c9f583053d6c417fea0e6a1d7c7c04"}
,"D:\\Projects\\github-issue-viewer\\GithubIssueViewer\\src\\components\\IssueViewer\\IssueViewer.tsx": {"path":"D:\\Projects\\github-issue-viewer\\GithubIssueViewer\\src\\components\\IssueViewer\\IssueViewer.tsx","statementMap":{"0":{"start":{"line":15,"column":20},"end":{"line":57,"column":1}},"1":{"start":{"line":16,"column":24},"end":{"line":16,"column":67}},"2":{"start":{"line":17,"column":16},"end":{"line":17,"column":51}},"3":{"start":{"line":19,"column":16},"end":{"line":19,"column":40}},"4":{"start":{"line":21,"column":2},"end":{"line":56,"column":4}}},"fnMap":{"0":{"name":"(anonymous_0)","decl":{"start":{"line":15,"column":20},"end":{"line":15,"column":21}},"loc":{"start":{"line":15,"column":65},"end":{"line":57,"column":1}},"line":15}},"branchMap":{"0":{"loc":{"start":{"line":16,"column":24},"end":{"line":16,"column":67}},"type":"cond-expr","locations":[{"start":{"line":16,"column":37},"end":{"line":16,"column":52}},{"start":{"line":16,"column":55},"end":{"line":16,"column":67}}],"line":16},"1":{"loc":{"start":{"line":25,"column":7},"end":{"line":54,"column":7}},"type":"binary-expr","locations":[{"start":{"line":25,"column":7},"end":{"line":25,"column":12}},{"start":{"line":26,"column":8},"end":{"line":53,"column":15}}],"line":25},"2":{"loc":{"start":{"line":31,"column":11},"end":{"line":35,"column":18}},"type":"cond-expr","locations":[{"start":{"line":32,"column":12},"end":{"line":34,"column":19}},{"start":{"line":35,"column":14},"end":{"line":35,"column":18}}],"line":31},"3":{"loc":{"start":{"line":40,"column":11},"end":{"line":45,"column":18}},"type":"cond-expr","locations":[{"start":{"line":41,"column":12},"end":{"line":44,"column":19}},{"start":{"line":45,"column":14},"end":{"line":45,"column":18}}],"line":40},"4":{"loc":{"start":{"line":46,"column":11},"end":{"line":51,"column":18}},"type":"cond-expr","locations":[{"start":{"line":47,"column":12},"end":{"line":50,"column":19}},{"start":{"line":51,"column":14},"end":{"line":51,"column":18}}],"line":46}},"s":{"0":2,"1":2,"2":2,"3":2,"4":2},"f":{"0":2},"b":{"0":[1,1],"1":[2,2],"2":[0,2],"3":[2,0],"4":[0,2]},"_coverageSchema":"1a1c01bbd47fc00a2c39e90264f33305004495a9","hash":"2f2659858b20a89ee62592ceebc9814949ce53bc"}
,"D:\\Projects\\github-issue-viewer\\GithubIssueViewer\\src\\components\\IssueViewer\\styles.ts": {"path":"D:\\Projects\\github-issue-viewer\\GithubIssueViewer\\src\\components\\IssueViewer\\styles.ts","statementMap":{"0":{"start":{"line":3,"column":15},"end":{"line":21,"column":2}}},"fnMap":{},"branchMap":{},"s":{"0":2},"f":{},"b":{},"_coverageSchema":"1a1c01bbd47fc00a2c39e90264f33305004495a9","hash":"9cd2923c58eb62dfcf2e5053ac66e18ad3b77666"}
,"D:\\Projects\\github-issue-viewer\\GithubIssueViewer\\src\\components\\IssuesFilter\\IssuesFilter.tsx": {"path":"D:\\Projects\\github-issue-viewer\\GithubIssueViewer\\src\\components\\IssuesFilter\\IssuesFilter.tsx","statementMap":{"0":{"start":{"line":12,"column":26},"end":{"line":12,"column":31}},"1":{"start":{"line":13,"column":27},"end":{"line":13,"column":33}},"2":{"start":{"line":14,"column":29},"end":{"line":14,"column":37}},"3":{"start":{"line":21,"column":15},"end":{"line":21,"column":21}},"4":{"start":{"line":23,"column":28},"end":{"line":43,"column":1}},"5":{"start":{"line":24,"column":16},"end":{"line":24,"column":40}},"6":{"start":{"line":25,"column":24},"end":{"line":25,"column":52}},"7":{"start":{"line":26,"column":19},"end":{"line":26,"column":32}},"8":{"start":{"line":28,"column":2},"end":{"line":42,"column":4}},"9":{"start":{"line":36,"column":36},"end":{"line":36,"column":75}}},"fnMap":{"0":{"name":"(anonymous_0)","decl":{"start":{"line":23,"column":28},"end":{"line":23,"column":29}},"loc":{"start":{"line":23,"column":34},"end":{"line":43,"column":1}},"line":23},"1":{"name":"(anonymous_1)","decl":{"start":{"line":36,"column":23},"end":{"line":36,"column":24}},"loc":{"start":{"line":36,"column":36},"end":{"line":36,"column":75}},"line":36}},"branchMap":{},"s":{"0":4,"1":4,"2":4,"3":4,"4":4,"5":8,"6":8,"7":8,"8":8,"9":0},"f":{"0":8,"1":0},"b":{},"_coverageSchema":"1a1c01bbd47fc00a2c39e90264f33305004495a9","hash":"931d5a6469b16c99f5aa48c4e8c523399d619a3c"}
,"D:\\Projects\\github-issue-viewer\\GithubIssueViewer\\src\\components\\IssuesFilter\\styles.ts": {"path":"D:\\Projects\\github-issue-viewer\\GithubIssueViewer\\src\\components\\IssuesFilter\\styles.ts","statementMap":{"0":{"start":{"line":3,"column":15},"end":{"line":11,"column":2}}},"fnMap":{},"branchMap":{},"s":{"0":4},"f":{},"b":{},"_coverageSchema":"1a1c01bbd47fc00a2c39e90264f33305004495a9","hash":"0ee44f957079da310e38afeb6198083f36fce281"}
,"D:\\Projects\\github-issue-viewer\\GithubIssueViewer\\src\\components\\IssuesList\\IssuesList.tsx": {"path":"D:\\Projects\\github-issue-viewer\\GithubIssueViewer\\src\\components\\IssuesList\\IssuesList.tsx","statementMap":{"0":{"start":{"line":29,"column":19},"end":{"line":95,"column":1}},"1":{"start":{"line":34,"column":17},"end":{"line":34,"column":39}},"2":{"start":{"line":35,"column":21},"end":{"line":35,"column":53}},"3":{"start":{"line":36,"column":15},"end":{"line":36,"column":41}},"4":{"start":{"line":37,"column":20},"end":{"line":37,"column":49}},"5":{"start":{"line":38,"column":19},"end":{"line":38,"column":49}},"6":{"start":{"line":39,"column":15},"end":{"line":39,"column":41}},"7":{"start":{"line":40,"column":24},"end":{"line":40,"column":53}},"8":{"start":{"line":42,"column":19},"end":{"line":42,"column":32}},"9":{"start":{"line":44,"column":16},"end":{"line":44,"column":40}},"10":{"start":{"line":46,"column":2},"end":{"line":94,"column":4}},"11":{"start":{"line":57,"column":35},"end":{"line":57,"column":69}},"12":{"start":{"line":64,"column":14},"end":{"line":76,"column":16}},"13":{"start":{"line":67,"column":32},"end":{"line":67,"column":52}},"14":{"start":{"line":68,"column":34},"end":{"line":68,"column":56}},"15":{"start":{"line":69,"column":40},"end":{"line":69,"column":66}},"16":{"start":{"line":89,"column":12},"end":{"line":89,"column":60}}},"fnMap":{"0":{"name":"(anonymous_0)","decl":{"start":{"line":29,"column":19},"end":{"line":29,"column":20}},"loc":{"start":{"line":33,"column":23},"end":{"line":95,"column":1}},"line":33},"1":{"name":"(anonymous_1)","decl":{"start":{"line":57,"column":24},"end":{"line":57,"column":25}},"loc":{"start":{"line":57,"column":35},"end":{"line":57,"column":69}},"line":57},"2":{"name":"(anonymous_2)","decl":{"start":{"line":63,"column":23},"end":{"line":63,"column":24}},"loc":{"start":{"line":64,"column":14},"end":{"line":76,"column":16}},"line":64},"3":{"name":"(anonymous_3)","decl":{"start":{"line":67,"column":26},"end":{"line":67,"column":27}},"loc":{"start":{"line":67,"column":32},"end":{"line":67,"column":52}},"line":67},"4":{"name":"(anonymous_4)","decl":{"start":{"line":68,"column":28},"end":{"line":68,"column":29}},"loc":{"start":{"line":68,"column":34},"end":{"line":68,"column":56}},"line":68},"5":{"name":"(anonymous_5)","decl":{"start":{"line":69,"column":34},"end":{"line":69,"column":35}},"loc":{"start":{"line":69,"column":40},"end":{"line":69,"column":66}},"line":69},"6":{"name":"(anonymous_6)","decl":{"start":{"line":88,"column":24},"end":{"line":88,"column":25}},"loc":{"start":{"line":89,"column":12},"end":{"line":89,"column":60}},"line":89}},"branchMap":{"0":{"loc":{"start":{"line":52,"column":7},"end":{"line":59,"column":14}},"type":"cond-expr","locations":[{"start":{"line":53,"column":8},"end":{"line":58,"column":10}},{"start":{"line":59,"column":10},"end":{"line":59,"column":14}}],"line":52},"1":{"loc":{"start":{"line":62,"column":11},"end":{"line":77,"column":14}},"type":"binary-expr","locations":[{"start":{"line":62,"column":11},"end":{"line":62,"column":28}},{"start":{"line":63,"column":12},"end":{"line":77,"column":14}}],"line":62},"2":{"loc":{"start":{"line":72,"column":18},"end":{"line":74,"column":53}},"type":"cond-expr","locations":[{"start":{"line":73,"column":22},"end":{"line":73,"column":42}},{"start":{"line":74,"column":22},"end":{"line":74,"column":53}}],"line":72},"3":{"loc":{"start":{"line":79,"column":9},"end":{"line":81,"column":9}},"type":"binary-expr","locations":[{"start":{"line":79,"column":9},"end":{"line":79,"column":18}},{"start":{"line":80,"column":10},"end":{"line":80,"column":74}}],"line":79},"4":{"loc":{"start":{"line":83,"column":7},"end":{"line":92,"column":14}},"type":"cond-expr","locations":[{"start":{"line":84,"column":8},"end":{"line":91,"column":10}},{"start":{"line":92,"column":10},"end":{"line":92,"column":14}}],"line":83},"5":{"loc":{"start":{"line":89,"column":12},"end":{"line":89,"column":60}},"type":"binary-expr","locations":[{"start":{"line":89,"column":12},"end":{"line":89,"column":22}},{"start":{"line":89,"column":26},"end":{"line":89,"column":60}}],"line":89}},"s":{"0":2,"1":8,"2":8,"3":8,"4":8,"5":8,"6":8,"7":8,"8":8,"9":8,"10":8,"11":0,"12":8,"13":1,"14":1,"15":0,"16":0},"f":{"0":8,"1":0,"2":8,"3":1,"4":1,"5":0,"6":0},"b":{"0":[0,8],"1":[8,6],"2":[2,6],"3":[8,0],"4":[0,8],"5":[0,0]},"_coverageSchema":"1a1c01bbd47fc00a2c39e90264f33305004495a9","hash":"efb333988ea8bd3306bb9f4c6f2e215c71564b64"}
,"D:\\Projects\\github-issue-viewer\\GithubIssueViewer\\src\\components\\IssuesList\\styles.ts": {"path":"D:\\Projects\\github-issue-viewer\\GithubIssueViewer\\src\\components\\IssuesList\\styles.ts","statementMap":{"0":{"start":{"line":4,"column":15},"end":{"line":49,"column":2}}},"fnMap":{},"branchMap":{},"s":{"0":2},"f":{},"b":{},"_coverageSchema":"1a1c01bbd47fc00a2c39e90264f33305004495a9","hash":"b992a647cb2fdb9803b6ae6911b3bd505c960c4d"}
,"D:\\Projects\\github-issue-viewer\\GithubIssueViewer\\src\\components\\OrgsList\\OrgsList.tsx": {"path":"D:\\Projects\\github-issue-viewer\\GithubIssueViewer\\src\\components\\OrgsList\\OrgsList.tsx","statementMap":{"0":{"start":{"line":29,"column":33},"end":{"line":31,"column":1}},"1":{"start":{"line":33,"column":17},"end":{"line":82,"column":1}},"2":{"start":{"line":34,"column":21},"end":{"line":34,"column":41}},"3":{"start":{"line":35,"column":20},"end":{"line":35,"column":47}},"4":{"start":{"line":36,"column":21},"end":{"line":36,"column":51}},"5":{"start":{"line":37,"column":15},"end":{"line":37,"column":39}},"6":{"start":{"line":39,"column":19},"end":{"line":39,"column":32}},"7":{"start":{"line":41,"column":16},"end":{"line":41,"column":40}},"8":{"start":{"line":43,"column":2},"end":{"line":81,"column":4}},"9":{"start":{"line":50,"column":35},"end":{"line":50,"column":68}},"10":{"start":{"line":57,"column":14},"end":{"line":63,"column":21}},"11":{"start":{"line":59,"column":33},"end":{"line":59,"column":49}},"12":{"start":{"line":76,"column":12},"end":{"line":76,"column":59}}},"fnMap":{"0":{"name":"(anonymous_0)","decl":{"start":{"line":33,"column":17},"end":{"line":33,"column":18}},"loc":{"start":{"line":33,"column":52},"end":{"line":82,"column":1}},"line":33},"1":{"name":"(anonymous_1)","decl":{"start":{"line":50,"column":24},"end":{"line":50,"column":25}},"loc":{"start":{"line":50,"column":35},"end":{"line":50,"column":68}},"line":50},"2":{"name":"(anonymous_2)","decl":{"start":{"line":56,"column":27},"end":{"line":56,"column":28}},"loc":{"start":{"line":57,"column":14},"end":{"line":63,"column":21}},"line":57},"3":{"name":"(anonymous_3)","decl":{"start":{"line":59,"column":27},"end":{"line":59,"column":28}},"loc":{"start":{"line":59,"column":33},"end":{"line":59,"column":49}},"line":59},"4":{"name":"(anonymous_4)","decl":{"start":{"line":75,"column":24},"end":{"line":75,"column":25}},"loc":{"start":{"line":76,"column":12},"end":{"line":76,"column":59}},"line":76}},"branchMap":{"0":{"loc":{"start":{"line":45,"column":7},"end":{"line":52,"column":14}},"type":"cond-expr","locations":[{"start":{"line":46,"column":8},"end":{"line":51,"column":10}},{"start":{"line":52,"column":10},"end":{"line":52,"column":14}}],"line":45},"1":{"loc":{"start":{"line":55,"column":11},"end":{"line":64,"column":14}},"type":"binary-expr","locations":[{"start":{"line":55,"column":11},"end":{"line":55,"column":32}},{"start":{"line":56,"column":12},"end":{"line":64,"column":14}}],"line":55},"2":{"loc":{"start":{"line":66,"column":9},"end":{"line":68,"column":9}},"type":"binary-expr","locations":[{"start":{"line":66,"column":9},"end":{"line":66,"column":18}},{"start":{"line":67,"column":10},"end":{"line":67,"column":74}}],"line":66},"3":{"loc":{"start":{"line":70,"column":7},"end":{"line":79,"column":14}},"type":"cond-expr","locations":[{"start":{"line":71,"column":8},"end":{"line":78,"column":10}},{"start":{"line":79,"column":10},"end":{"line":79,"column":14}}],"line":70},"4":{"loc":{"start":{"line":76,"column":12},"end":{"line":76,"column":59}},"type":"binary-expr","locations":[{"start":{"line":76,"column":12},"end":{"line":76,"column":22}},{"start":{"line":76,"column":26},"end":{"line":76,"column":59}}],"line":76}},"s":{"0":1,"1":1,"2":0,"3":0,"4":0,"5":0,"6":0,"7":0,"8":0,"9":0,"10":0,"11":0,"12":0},"f":{"0":0,"1":0,"2":0,"3":0,"4":0},"b":{"0":[0,0],"1":[0,0],"2":[0,0],"3":[0,0],"4":[0,0]},"_coverageSchema":"1a1c01bbd47fc00a2c39e90264f33305004495a9","hash":"eae7080119385a352f05e2535a777a534fafde06"}
,"D:\\Projects\\github-issue-viewer\\GithubIssueViewer\\src\\components\\OrgsList\\styles.ts": {"path":"D:\\Projects\\github-issue-viewer\\GithubIssueViewer\\src\\components\\OrgsList\\styles.ts","statementMap":{"0":{"start":{"line":3,"column":15},"end":{"line":34,"column":2}}},"fnMap":{},"branchMap":{},"s":{"0":1},"f":{},"b":{},"_coverageSchema":"1a1c01bbd47fc00a2c39e90264f33305004495a9","hash":"68133d16300280a022ed9e72e6959061b2a713db"}
,"D:\\Projects\\github-issue-viewer\\GithubIssueViewer\\src\\components\\Pagination\\Pagination.tsx": {"path":"D:\\Projects\\github-issue-viewer\\GithubIssueViewer\\src\\components\\Pagination\\Pagination.tsx","statementMap":{"0":{"start":{"line":15,"column":26},"end":{"line":77,"column":1}},"1":{"start":{"line":21,"column":16},"end":{"line":21,"column":40}},"2":{"start":{"line":22,"column":2},"end":{"line":76,"column":4}},"3":{"start":{"line":26,"column":25},"end":{"line":26,"column":65}},"4":{"start":{"line":37,"column":25},"end":{"line":37,"column":63}},"5":{"start":{"line":55,"column":25},"end":{"line":55,"column":63}},"6":{"start":{"line":66,"column":25},"end":{"line":66,"column":63}}},"fnMap":{"0":{"name":"(anonymous_0)","decl":{"start":{"line":15,"column":26},"end":{"line":15,"column":27}},"loc":{"start":{"line":20,"column":23},"end":{"line":77,"column":1}},"line":20},"1":{"name":"(anonymous_1)","decl":{"start":{"line":26,"column":19},"end":{"line":26,"column":20}},"loc":{"start":{"line":26,"column":25},"end":{"line":26,"column":65}},"line":26},"2":{"name":"(anonymous_2)","decl":{"start":{"line":37,"column":19},"end":{"line":37,"column":20}},"loc":{"start":{"line":37,"column":25},"end":{"line":37,"column":63}},"line":37},"3":{"name":"(anonymous_3)","decl":{"start":{"line":55,"column":19},"end":{"line":55,"column":20}},"loc":{"start":{"line":55,"column":25},"end":{"line":55,"column":63}},"line":55},"4":{"name":"(anonymous_4)","decl":{"start":{"line":66,"column":19},"end":{"line":66,"column":20}},"loc":{"start":{"line":66,"column":25},"end":{"line":66,"column":63}},"line":66}},"branchMap":{"0":{"loc":{"start":{"line":26,"column":25},"end":{"line":26,"column":65}},"type":"binary-expr","locations":[{"start":{"line":26,"column":25},"end":{"line":26,"column":36}},{"start":{"line":26,"column":40},"end":{"line":26,"column":65}}],"line":26},"1":{"loc":{"start":{"line":30,"column":12},"end":{"line":30,"column":48}},"type":"binary-expr","locations":[{"start":{"line":30,"column":12},"end":{"line":30,"column":24}},{"start":{"line":30,"column":28},"end":{"line":30,"column":48}}],"line":30},"2":{"loc":{"start":{"line":37,"column":25},"end":{"line":37,"column":63}},"type":"binary-expr","locations":[{"start":{"line":37,"column":25},"end":{"line":37,"column":35}},{"start":{"line":37,"column":39},"end":{"line":37,"column":63}}],"line":37},"3":{"loc":{"start":{"line":41,"column":12},"end":{"line":41,"column":47}},"type":"binary-expr","locations":[{"start":{"line":41,"column":12},"end":{"line":41,"column":23}},{"start":{"line":41,"column":27},"end":{"line":41,"column":47}}],"line":41},"4":{"loc":{"start":{"line":47,"column":9},"end":{"line":51,"column":9}},"type":"cond-expr","locations":[{"start":{"line":48,"column":10},"end":{"line":48,"column":41}},{"start":{"line":50,"column":10},"end":{"line":50,"column":73}}],"line":47},"5":{"loc":{"start":{"line":55,"column":25},"end":{"line":55,"column":63}},"type":"binary-expr","locations":[{"start":{"line":55,"column":25},"end":{"line":55,"column":35}},{"start":{"line":55,"column":39},"end":{"line":55,"column":63}}],"line":55},"6":{"loc":{"start":{"line":59,"column":12},"end":{"line":59,"column":47}},"type":"binary-expr","locations":[{"start":{"line":59,"column":12},"end":{"line":59,"column":23}},{"start":{"line":59,"column":27},"end":{"line":59,"column":47}}],"line":59},"7":{"loc":{"start":{"line":66,"column":25},"end":{"line":66,"column":63}},"type":"binary-expr","locations":[{"start":{"line":66,"column":25},"end":{"line":66,"column":35}},{"start":{"line":66,"column":39},"end":{"line":66,"column":63}}],"line":66},"8":{"loc":{"start":{"line":70,"column":12},"end":{"line":70,"column":47}},"type":"binary-expr","locations":[{"start":{"line":70,"column":12},"end":{"line":70,"column":23}},{"start":{"line":70,"column":27},"end":{"line":70,"column":47}}],"line":70}},"s":{"0":3,"1":4,"2":4,"3":0,"4":0,"5":0,"6":0},"f":{"0":4,"1":0,"2":0,"3":0,"4":0},"b":{"0":[0,0],"1":[4,4],"2":[0,0],"3":[4,4],"4":[4,0],"5":[0,0],"6":[4,0],"7":[0,0],"8":[4,0]},"_coverageSchema":"1a1c01bbd47fc00a2c39e90264f33305004495a9","hash":"dce1bf34830b8d2200d5fd8f356786e67822a402"}
,"D:\\Projects\\github-issue-viewer\\GithubIssueViewer\\src\\components\\Pagination\\styles.ts": {"path":"D:\\Projects\\github-issue-viewer\\GithubIssueViewer\\src\\components\\Pagination\\styles.ts","statementMap":{"0":{"start":{"line":3,"column":15},"end":{"line":15,"column":2}}},"fnMap":{},"branchMap":{},"s":{"0":3},"f":{},"b":{},"_coverageSchema":"1a1c01bbd47fc00a2c39e90264f33305004495a9","hash":"31da70e432e0ece0dc115952b9e90fabb3202086"}
,"D:\\Projects\\github-issue-viewer\\GithubIssueViewer\\src\\components\\ReposList\\ReposList.tsx": {"path":"D:\\Projects\\github-issue-viewer\\GithubIssueViewer\\src\\components\\ReposList\\ReposList.tsx","statementMap":{"0":{"start":{"line":29,"column":33},"end":{"line":31,"column":1}},"1":{"start":{"line":33,"column":18},"end":{"line":94,"column":1}},"2":{"start":{"line":34,"column":22},"end":{"line":34,"column":43}},"3":{"start":{"line":35,"column":20},"end":{"line":35,"column":48}},"4":{"start":{"line":36,"column":21},"end":{"line":36,"column":52}},"5":{"start":{"line":37,"column":15},"end":{"line":37,"column":40}},"6":{"start":{"line":39,"column":19},"end":{"line":39,"column":32}},"7":{"start":{"line":41,"column":16},"end":{"line":41,"column":40}},"8":{"start":{"line":43,"column":2},"end":{"line":93,"column":4}},"9":{"start":{"line":50,"column":35},"end":{"line":50,"column":68}},"10":{"start":{"line":57,"column":14},"end":{"line":75,"column":21}},"11":{"start":{"line":59,"column":33},"end":{"line":59,"column":70}},"12":{"start":{"line":88,"column":12},"end":{"line":88,"column":59}}},"fnMap":{"0":{"name":"(anonymous_0)","decl":{"start":{"line":33,"column":18},"end":{"line":33,"column":19}},"loc":{"start":{"line":33,"column":54},"end":{"line":94,"column":1}},"line":33},"1":{"name":"(anonymous_1)","decl":{"start":{"line":50,"column":24},"end":{"line":50,"column":25}},"loc":{"start":{"line":50,"column":35},"end":{"line":50,"column":68}},"line":50},"2":{"name":"(anonymous_2)","decl":{"start":{"line":56,"column":28},"end":{"line":56,"column":29}},"loc":{"start":{"line":57,"column":14},"end":{"line":75,"column":21}},"line":57},"3":{"name":"(anonymous_3)","decl":{"start":{"line":59,"column":27},"end":{"line":59,"column":28}},"loc":{"start":{"line":59,"column":33},"end":{"line":59,"column":70}},"line":59},"4":{"name":"(anonymous_4)","decl":{"start":{"line":87,"column":24},"end":{"line":87,"column":25}},"loc":{"start":{"line":88,"column":12},"end":{"line":88,"column":59}},"line":88}},"branchMap":{"0":{"loc":{"start":{"line":45,"column":7},"end":{"line":52,"column":14}},"type":"cond-expr","locations":[{"start":{"line":46,"column":8},"end":{"line":51,"column":10}},{"start":{"line":52,"column":10},"end":{"line":52,"column":14}}],"line":45},"1":{"loc":{"start":{"line":55,"column":11},"end":{"line":76,"column":14}},"type":"binary-expr","locations":[{"start":{"line":55,"column":11},"end":{"line":55,"column":33}},{"start":{"line":56,"column":12},"end":{"line":76,"column":14}}],"line":55},"2":{"loc":{"start":{"line":59,"column":33},"end":{"line":59,"column":70}},"type":"binary-expr","locations":[{"start":{"line":59,"column":33},"end":{"line":59,"column":48}},{"start":{"line":59,"column":52},"end":{"line":59,"column":70}}],"line":59},"3":{"loc":{"start":{"line":64,"column":20},"end":{"line":64,"column":52}},"type":"binary-expr","locations":[{"start":{"line":64,"column":20},"end":{"line":64,"column":35}},{"start":{"line":64,"column":39},"end":{"line":64,"column":52}}],"line":64},"4":{"loc":{"start":{"line":67,"column":19},"end":{"line":73,"column":25}},"type":"binary-expr","locations":[{"start":{"line":67,"column":19},"end":{"line":67,"column":45}},{"start":{"line":68,"column":20},"end":{"line":73,"column":25}}],"line":67},"5":{"loc":{"start":{"line":78,"column":9},"end":{"line":80,"column":9}},"type":"binary-expr","locations":[{"start":{"line":78,"column":9},"end":{"line":78,"column":18}},{"start":{"line":79,"column":10},"end":{"line":79,"column":74}}],"line":78},"6":{"loc":{"start":{"line":82,"column":7},"end":{"line":91,"column":14}},"type":"cond-expr","locations":[{"start":{"line":83,"column":8},"end":{"line":90,"column":10}},{"start":{"line":91,"column":10},"end":{"line":91,"column":14}}],"line":82},"7":{"loc":{"start":{"line":88,"column":12},"end":{"line":88,"column":59}},"type":"binary-expr","locations":[{"start":{"line":88,"column":12},"end":{"line":88,"column":22}},{"start":{"line":88,"column":26},"end":{"line":88,"column":59}}],"line":88}},"s":{"0":2,"1":2,"2":4,"3":4,"4":4,"5":4,"6":4,"7":4,"8":4,"9":0,"10":8,"11":1,"12":0},"f":{"0":4,"1":0,"2":8,"3":1,"4":0},"b":{"0":[2,2],"1":[4,4],"2":[1,1],"3":[8,8],"4":[8,4],"5":[4,3],"6":[2,2],"7":[0,0]},"_coverageSchema":"1a1c01bbd47fc00a2c39e90264f33305004495a9","hash":"c620fff2693eab449d57048e57807f05e842094d"}
,"D:\\Projects\\github-issue-viewer\\GithubIssueViewer\\src\\components\\ReposList\\styles.ts": {"path":"D:\\Projects\\github-issue-viewer\\GithubIssueViewer\\src\\components\\ReposList\\styles.ts","statementMap":{"0":{"start":{"line":3,"column":15},"end":{"line":34,"column":2}}},"fnMap":{},"branchMap":{},"s":{"0":2},"f":{},"b":{},"_coverageSchema":"1a1c01bbd47fc00a2c39e90264f33305004495a9","hash":"3300843a318ed07fc364f911d31bbf30ecab4353"}
,"D:\\Projects\\github-issue-viewer\\GithubIssueViewer\\src\\components\\SearchInput\\SearchInput.tsx": {"path":"D:\\Projects\\github-issue-viewer\\GithubIssueViewer\\src\\components\\SearchInput\\SearchInput.tsx","statementMap":{"0":{"start":{"line":13,"column":20},"end":{"line":26,"column":1}},"1":{"start":{"line":14,"column":16},"end":{"line":14,"column":40}},"2":{"start":{"line":16,"column":2},"end":{"line":25,"column":4}}},"fnMap":{"0":{"name":"(anonymous_0)","decl":{"start":{"line":13,"column":20},"end":{"line":13,"column":21}},"loc":{"start":{"line":13,"column":64},"end":{"line":26,"column":1}},"line":13}},"branchMap":{},"s":{"0":1,"1":0,"2":0},"f":{"0":0},"b":{},"_coverageSchema":"1a1c01bbd47fc00a2c39e90264f33305004495a9","hash":"df1da67a4470fc34660909007801346140fee41f"}
,"D:\\Projects\\github-issue-viewer\\GithubIssueViewer\\src\\components\\SearchInput\\styles.ts": {"path":"D:\\Projects\\github-issue-viewer\\GithubIssueViewer\\src\\components\\SearchInput\\styles.ts","statementMap":{"0":{"start":{"line":3,"column":15},"end":{"line":20,"column":2}}},"fnMap":{},"branchMap":{},"s":{"0":1},"f":{},"b":{},"_coverageSchema":"1a1c01bbd47fc00a2c39e90264f33305004495a9","hash":"346005e592a4e70a468b150cd2995ec22d65b7c1"}
,"D:\\Projects\\github-issue-viewer\\GithubIssueViewer\\src\\components\\Settings\\Settings.tsx": {"path":"D:\\Projects\\github-issue-viewer\\GithubIssueViewer\\src\\components\\Settings\\Settings.tsx","statementMap":{"0":{"start":{"line":5,"column":2},"end":{"line":28,"column":4}}},"fnMap":{"0":{"name":"SettingsIcon","decl":{"start":{"line":4,"column":9},"end":{"line":4,"column":21}},"loc":{"start":{"line":4,"column":39},"end":{"line":29,"column":1}},"line":4}},"branchMap":{},"s":{"0":3},"f":{"0":3},"b":{},"_coverageSchema":"1a1c01bbd47fc00a2c39e90264f33305004495a9","hash":"bfb55238ed6de4631897f690f7bae299f5f7ac83"}
,"D:\\Projects\\github-issue-viewer\\GithubIssueViewer\\src\\components\\ThemeContext\\ThemeContext.tsx": {"path":"D:\\Projects\\github-issue-viewer\\GithubIssueViewer\\src\\components\\ThemeContext\\ThemeContext.tsx","statementMap":{"0":{"start":{"line":13,"column":36},"end":{"line":26,"column":1}},"1":{"start":{"line":28,"column":28},"end":{"line":28,"column":55}}},"fnMap":{},"branchMap":{},"s":{"0":7,"1":7},"f":{},"b":{},"_coverageSchema":"1a1c01bbd47fc00a2c39e90264f33305004495a9","hash":"c83a074cf69378a20ea3d97d0e778b0f21ed6e23"}
,"D:\\Projects\\github-issue-viewer\\GithubIssueViewer\\src\\reducers\\issues.ts": {"path":"D:\\Projects\\github-issue-viewer\\GithubIssueViewer\\src\\reducers\\issues.ts","statementMap":{"0":{"start":{"line":21,"column":28},"end":{"line":34,"column":1}},"1":{"start":{"line":40,"column":2},"end":{"line":68,"column":3}},"2":{"start":{"line":42,"column":6},"end":{"line":45,"column":8}},"3":{"start":{"line":47,"column":6},"end":{"line":55,"column":8}},"4":{"start":{"line":57,"column":6},"end":{"line":60,"column":8}},"5":{"start":{"line":62,"column":6},"end":{"line":65,"column":8}},"6":{"start":{"line":67,"column":6},"end":{"line":67,"column":19}}},"fnMap":{"0":{"name":"issuesReducer","decl":{"start":{"line":36,"column":9},"end":{"line":36,"column":22}},"loc":{"start":{"line":39,"column":15},"end":{"line":69,"column":1}},"line":39}},"branchMap":{"0":{"loc":{"start":{"line":37,"column":2},"end":{"line":37,"column":35}},"type":"default-arg","locations":[{"start":{"line":37,"column":23},"end":{"line":37,"column":35}}],"line":37},"1":{"loc":{"start":{"line":40,"column":2},"end":{"line":68,"column":3}},"type":"switch","locations":[{"start":{"line":41,"column":4},"end":{"line":45,"column":8}},{"start":{"line":46,"column":4},"end":{"line":55,"column":8}},{"start":{"line":56,"column":4},"end":{"line":60,"column":8}},{"start":{"line":61,"column":4},"end":{"line":65,"column":8}},{"start":{"line":66,"column":4},"end":{"line":67,"column":19}}],"line":40}},"s":{"0":1,"1":5,"2":1,"3":1,"4":1,"5":1,"6":1},"f":{"0":5},"b":{"0":[1],"1":[1,1,1,1,1]},"_coverageSchema":"1a1c01bbd47fc00a2c39e90264f33305004495a9","hash":"6c20952d61eb6bde448e6665c1378d55bad5e57c"}
,"D:\\Projects\\github-issue-viewer\\GithubIssueViewer\\src\\screens\\BookmarksBrowserScreen\\BookmarksBrowserScreen.tsx": {"path":"D:\\Projects\\github-issue-viewer\\GithubIssueViewer\\src\\screens\\BookmarksBrowserScreen\\BookmarksBrowserScreen.tsx","statementMap":{"0":{"start":{"line":13,"column":28},"end":{"line":46,"column":1}},"1":{"start":{"line":14,"column":16},"end":{"line":14,"column":40}},"2":{"start":{"line":15,"column":19},"end":{"line":15,"column":32}},"3":{"start":{"line":17,"column":28},"end":{"line":22,"column":3}},"4":{"start":{"line":19,"column":6},"end":{"line":19,"column":80}},"5":{"start":{"line":24,"column":31},"end":{"line":29,"column":3}},"6":{"start":{"line":26,"column":6},"end":{"line":26,"column":40}},"7":{"start":{"line":31,"column":2},"end":{"line":45,"column":4}}},"fnMap":{"0":{"name":"(anonymous_0)","decl":{"start":{"line":13,"column":28},"end":{"line":13,"column":29}},"loc":{"start":{"line":13,"column":59},"end":{"line":46,"column":1}},"line":13},"1":{"name":"(anonymous_1)","decl":{"start":{"line":18,"column":4},"end":{"line":18,"column":5}},"loc":{"start":{"line":18,"column":36},"end":{"line":20,"column":5}},"line":18},"2":{"name":"(anonymous_2)","decl":{"start":{"line":25,"column":4},"end":{"line":25,"column":5}},"loc":{"start":{"line":25,"column":15},"end":{"line":27,"column":5}},"line":25}},"branchMap":{},"s":{"0":1,"1":0,"2":0,"3":0,"4":0,"5":0,"6":0,"7":0},"f":{"0":0,"1":0,"2":0},"b":{},"_coverageSchema":"1a1c01bbd47fc00a2c39e90264f33305004495a9","hash":"4a9c4c142895eae037b8dd597dc76f31b158abd6"}
,"D:\\Projects\\github-issue-viewer\\GithubIssueViewer\\src\\screens\\IssueViewerScreen\\IssueViewerScreen.tsx": {"path":"D:\\Projects\\github-issue-viewer\\GithubIssueViewer\\src\\screens\\IssueViewerScreen\\IssueViewerScreen.tsx","statementMap":{"0":{"start":{"line":13,"column":26},"end":{"line":26,"column":1}},"1":{"start":{"line":14,"column":16},"end":{"line":14,"column":40}},"2":{"start":{"line":16,"column":18},"end":{"line":16,"column":38}},"3":{"start":{"line":17,"column":21},"end":{"line":17,"column":44}},"4":{"start":{"line":19,"column":2},"end":{"line":25,"column":4}}},"fnMap":{"0":{"name":"(anonymous_0)","decl":{"start":{"line":13,"column":26},"end":{"line":13,"column":27}},"loc":{"start":{"line":13,"column":52},"end":{"line":26,"column":1}},"line":13}},"branchMap":{},"s":{"0":1,"1":0,"2":0,"3":0,"4":0},"f":{"0":0},"b":{},"_coverageSchema":"1a1c01bbd47fc00a2c39e90264f33305004495a9","hash":"076bba6f74067a5c0ada7786c0fdb024e7c0a259"}
,"D:\\Projects\\github-issue-viewer\\GithubIssueViewer\\src\\screens\\IssuesBrowserScreen\\IssuesBrowserScreen.tsx": {"path":"D:\\Projects\\github-issue-viewer\\GithubIssueViewer\\src\\screens\\IssuesBrowserScreen\\IssuesBrowserScreen.tsx","statementMap":{"0":{"start":{"line":16,"column":28},"end":{"line":69,"column":1}},"1":{"start":{"line":17,"column":16},"end":{"line":17,"column":40}},"2":{"start":{"line":18,"column":19},"end":{"line":18,"column":32}},"3":{"start":{"line":20,"column":19},"end":{"line":20,"column":49}},"4":{"start":{"line":21,"column":15},"end":{"line":21,"column":41}},"5":{"start":{"line":23,"column":28},"end":{"line":31,"column":3}},"6":{"start":{"line":25,"column":6},"end":{"line":28,"column":9}},"7":{"start":{"line":33,"column":31},"end":{"line":38,"column":3}},"8":{"start":{"line":35,"column":6},"end":{"line":35,"column":40}},"9":{"start":{"line":40,"column":30},"end":{"line":50,"column":3}},"10":{"start":{"line":42,"column":23},"end":{"line":46,"column":7}},"11":{"start":{"line":47,"column":6},"end":{"line":47,"column":40}},"12":{"start":{"line":52,"column":2},"end":{"line":68,"column":4}}},"fnMap":{"0":{"name":"(anonymous_0)","decl":{"start":{"line":16,"column":28},"end":{"line":16,"column":29}},"loc":{"start":{"line":16,"column":59},"end":{"line":69,"column":1}},"line":16},"1":{"name":"(anonymous_1)","decl":{"start":{"line":24,"column":4},"end":{"line":24,"column":5}},"loc":{"start":{"line":24,"column":36},"end":{"line":29,"column":5}},"line":24},"2":{"name":"(anonymous_2)","decl":{"start":{"line":34,"column":4},"end":{"line":34,"column":5}},"loc":{"start":{"line":34,"column":15},"end":{"line":36,"column":5}},"line":34},"3":{"name":"(anonymous_3)","decl":{"start":{"line":41,"column":4},"end":{"line":41,"column":5}},"loc":{"start":{"line":41,"column":36},"end":{"line":48,"column":5}},"line":41}},"branchMap":{},"s":{"0":1,"1":0,"2":0,"3":0,"4":0,"5":0,"6":0,"7":0,"8":0,"9":0,"10":0,"11":0,"12":0},"f":{"0":0,"1":0,"2":0,"3":0},"b":{},"_coverageSchema":"1a1c01bbd47fc00a2c39e90264f33305004495a9","hash":"1e90bb35660469020de68dac1372fc74707848b8"}
,"D:\\Projects\\github-issue-viewer\\GithubIssueViewer\\src\\screens\\RepoSearchScreen\\RepoSearchScreen.tsx": {"path":"D:\\Projects\\github-issue-viewer\\GithubIssueViewer\\src\\screens\\RepoSearchScreen\\RepoSearchScreen.tsx","statementMap":{"0":{"start":{"line":26,"column":25},"end":{"line":75,"column":1}},"1":{"start":{"line":27,"column":16},"end":{"line":27,"column":40}},"2":{"start":{"line":28,"column":23},"end":{"line":28,"column":56}},"3":{"start":{"line":30,"column":46},"end":{"line":30,"column":72}},"4":{"start":{"line":32,"column":19},"end":{"line":32,"column":32}},"5":{"start":{"line":34,"column":27},"end":{"line":40,"column":3}},"6":{"start":{"line":36,"column":6},"end":{"line":36,"column":61}},"7":{"start":{"line":37,"column":6},"end":{"line":37,"column":43}},"8":{"start":{"line":42,"column":26},"end":{"line":47,"column":3}},"9":{"start":{"line":44,"column":6},"end":{"line":44,"column":40}},"10":{"start":{"line":49,"column":2},"end":{"line":74,"column":4}},"11":{"start":{"line":59,"column":14},"end":{"line":59,"column":38}},"12":{"start":{"line":60,"column":14},"end":{"line":60,"column":47}}},"fnMap":{"0":{"name":"(anonymous_0)","decl":{"start":{"line":26,"column":25},"end":{"line":26,"column":26}},"loc":{"start":{"line":26,"column":56},"end":{"line":75,"column":1}},"line":26},"1":{"name":"(anonymous_1)","decl":{"start":{"line":35,"column":4},"end":{"line":35,"column":5}},"loc":{"start":{"line":35,"column":40},"end":{"line":38,"column":5}},"line":35},"2":{"name":"(anonymous_2)","decl":{"start":{"line":43,"column":4},"end":{"line":43,"column":5}},"loc":{"start":{"line":43,"column":41},"end":{"line":45,"column":5}},"line":43},"3":{"name":"(anonymous_3)","decl":{"start":{"line":58,"column":26},"end":{"line":58,"column":27}},"loc":{"start":{"line":58,"column":34},"end":{"line":61,"column":13}},"line":58}},"branchMap":{"0":{"loc":{"start":{"line":65,"column":11},"end":{"line":70,"column":18}},"type":"cond-expr","locations":[{"start":{"line":66,"column":12},"end":{"line":69,"column":19}},{"start":{"line":70,"column":14},"end":{"line":70,"column":18}}],"line":65}},"s":{"0":1,"1":0,"2":0,"3":0,"4":0,"5":0,"6":0,"7":0,"8":0,"9":0,"10":0,"11":0,"12":0},"f":{"0":0,"1":0,"2":0,"3":0},"b":{"0":[0,0]},"_coverageSchema":"1a1c01bbd47fc00a2c39e90264f33305004495a9","hash":"669ef75c78b96199c1679a013cc11ab20d608a7c"}
,"D:\\Projects\\github-issue-viewer\\GithubIssueViewer\\src\\selectors\\index.tsx": {"path":"D:\\Projects\\github-issue-viewer\\GithubIssueViewer\\src\\selectors\\index.tsx","statementMap":{"0":{"start":{"line":5,"column":25},"end":{"line":5,"column":64}},"1":{"start":{"line":5,"column":47},"end":{"line":5,"column":64}},"2":{"start":{"line":6,"column":33},"end":{"line":6,"column":76}},"3":{"start":{"line":6,"column":55},"end":{"line":6,"column":76}},"4":{"start":{"line":7,"column":29},"end":{"line":7,"column":68}},"5":{"start":{"line":7,"column":51},"end":{"line":7,"column":68}},"6":{"start":{"line":8,"column":35},"end":{"line":9,"column":25}},"7":{"start":{"line":9,"column":2},"end":{"line":9,"column":25}},"8":{"start":{"line":10,"column":29},"end":{"line":10,"column":75}},"9":{"start":{"line":10,"column":51},"end":{"line":10,"column":75}},"10":{"start":{"line":11,"column":32},"end":{"line":11,"column":74}},"11":{"start":{"line":11,"column":54},"end":{"line":11,"column":74}},"12":{"start":{"line":12,"column":31},"end":{"line":12,"column":72}},"13":{"start":{"line":12,"column":53},"end":{"line":12,"column":72}},"14":{"start":{"line":14,"column":24},"end":{"line":14,"column":62}},"15":{"start":{"line":14,"column":46},"end":{"line":14,"column":62}},"16":{"start":{"line":15,"column":36},"end":{"line":16,"column":26}},"17":{"start":{"line":16,"column":2},"end":{"line":16,"column":26}},"18":{"start":{"line":17,"column":34},"end":{"line":17,"column":78}},"19":{"start":{"line":17,"column":56},"end":{"line":17,"column":78}},"20":{"start":{"line":18,"column":28},"end":{"line":18,"column":73}},"21":{"start":{"line":18,"column":50},"end":{"line":18,"column":73}},"22":{"start":{"line":19,"column":31},"end":{"line":19,"column":72}},"23":{"start":{"line":19,"column":53},"end":{"line":19,"column":72}},"24":{"start":{"line":21,"column":23},"end":{"line":21,"column":69}},"25":{"start":{"line":21,"column":45},"end":{"line":21,"column":69}},"26":{"start":{"line":22,"column":31},"end":{"line":23,"column":30}},"27":{"start":{"line":23,"column":2},"end":{"line":23,"column":30}},"28":{"start":{"line":24,"column":33},"end":{"line":25,"column":32}},"29":{"start":{"line":25,"column":2},"end":{"line":25,"column":32}},"30":{"start":{"line":26,"column":27},"end":{"line":27,"column":33}},"31":{"start":{"line":27,"column":2},"end":{"line":27,"column":33}},"32":{"start":{"line":28,"column":30},"end":{"line":28,"column":79}},"33":{"start":{"line":28,"column":52},"end":{"line":28,"column":79}},"34":{"start":{"line":30,"column":31},"end":{"line":31,"column":34}},"35":{"start":{"line":31,"column":2},"end":{"line":31,"column":34}},"36":{"start":{"line":33,"column":28},"end":{"line":34,"column":50}},"37":{"start":{"line":33,"column":49},"end":{"line":34,"column":50}},"38":{"start":{"line":34,"column":2},"end":{"line":34,"column":50}},"39":{"start":{"line":34,"column":35},"end":{"line":34,"column":49}},"40":{"start":{"line":36,"column":28},"end":{"line":39,"column":49}},"41":{"start":{"line":37,"column":2},"end":{"line":39,"column":49}},"42":{"start":{"line":38,"column":22},"end":{"line":38,"column":70}},"43":{"start":{"line":38,"column":55},"end":{"line":38,"column":69}},"44":{"start":{"line":41,"column":32},"end":{"line":42,"column":59}},"45":{"start":{"line":42,"column":2},"end":{"line":42,"column":59}},"46":{"start":{"line":42,"column":44},"end":{"line":42,"column":58}},"47":{"start":{"line":44,"column":31},"end":{"line":45,"column":55}},"48":{"start":{"line":44,"column":52},"end":{"line":45,"column":55}},"49":{"start":{"line":45,"column":2},"end":{"line":45,"column":55}},"50":{"start":{"line":45,"column":40},"end":{"line":45,"column":54}}},"fnMap":{"0":{"name":"(anonymous_0)","decl":{"start":{"line":5,"column":25},"end":{"line":5,"column":26}},"loc":{"start":{"line":5,"column":47},"end":{"line":5,"column":64}},"line":5},"1":{"name":"(anonymous_1)","decl":{"start":{"line":6,"column":33},"end":{"line":6,"column":34}},"loc":{"start":{"line":6,"column":55},"end":{"line":6,"column":76}},"line":6},"2":{"name":"(anonymous_2)","decl":{"start":{"line":7,"column":29},"end":{"line":7,"column":30}},"loc":{"start":{"line":7,"column":51},"end":{"line":7,"column":68}},"line":7},"3":{"name":"(anonymous_3)","decl":{"start":{"line":8,"column":35},"end":{"line":8,"column":36}},"loc":{"start":{"line":9,"column":2},"end":{"line":9,"column":25}},"line":9},"4":{"name":"(anonymous_4)","decl":{"start":{"line":10,"column":29},"end":{"line":10,"column":30}},"loc":{"start":{"line":10,"column":51},"end":{"line":10,"column":75}},"line":10},"5":{"name":"(anonymous_5)","decl":{"start":{"line":11,"column":32},"end":{"line":11,"column":33}},"loc":{"start":{"line":11,"column":54},"end":{"line":11,"column":74}},"line":11},"6":{"name":"(anonymous_6)","decl":{"start":{"line":12,"column":31},"end":{"line":12,"column":32}},"loc":{"start":{"line":12,"column":53},"end":{"line":12,"column":72}},"line":12},"7":{"name":"(anonymous_7)","decl":{"start":{"line":14,"column":24},"end":{"line":14,"column":25}},"loc":{"start":{"line":14,"column":46},"end":{"line":14,"column":62}},"line":14},"8":{"name":"(anonymous_8)","decl":{"start":{"line":15,"column":36},"end":{"line":15,"column":37}},"loc":{"start":{"line":16,"column":2},"end":{"line":16,"column":26}},"line":16},"9":{"name":"(anonymous_9)","decl":{"start":{"line":17,"column":34},"end":{"line":17,"column":35}},"loc":{"start":{"line":17,"column":56},"end":{"line":17,"column":78}},"line":17},"10":{"name":"(anonymous_10)","decl":{"start":{"line":18,"column":28},"end":{"line":18,"column":29}},"loc":{"start":{"line":18,"column":50},"end":{"line":18,"column":73}},"line":18},"11":{"name":"(anonymous_11)","decl":{"start":{"line":19,"column":31},"end":{"line":19,"column":32}},"loc":{"start":{"line":19,"column":53},"end":{"line":19,"column":72}},"line":19},"12":{"name":"(anonymous_12)","decl":{"start":{"line":21,"column":23},"end":{"line":21,"column":24}},"loc":{"start":{"line":21,"column":45},"end":{"line":21,"column":69}},"line":21},"13":{"name":"(anonymous_13)","decl":{"start":{"line":22,"column":31},"end":{"line":22,"column":32}},"loc":{"start":{"line":23,"column":2},"end":{"line":23,"column":30}},"line":23},"14":{"name":"(anonymous_14)","decl":{"start":{"line":24,"column":33},"end":{"line":24,"column":34}},"loc":{"start":{"line":25,"column":2},"end":{"line":25,"column":32}},"line":25},"15":{"name":"(anonymous_15)","decl":{"start":{"line":26,"column":27},"end":{"line":26,"column":28}},"loc":{"start":{"line":27,"column":2},"end":{"line":27,"column":33}},"line":27},"16":{"name":"(anonymous_16)","decl":{"start":{"line":28,"column":30},"end":{"line":28,"column":31}},"loc":{"start":{"line":28,"column":52},"end":{"line":28,"column":79}},"line":28},"17":{"name":"(anonymous_17)","decl":{"start":{"line":30,"column":31},"end":{"line":30,"column":32}},"loc":{"start":{"line":31,"column":2},"end":{"line":31,"column":34}},"line":31},"18":{"name":"(anonymous_18)","decl":{"start":{"line":33,"column":28},"end":{"line":33,"column":29}},"loc":{"start":{"line":33,"column":49},"end":{"line":34,"column":50}},"line":33},"19":{"name":"(anonymous_19)","decl":{"start":{"line":33,"column":49},"end":{"line":33,"column":50}},"loc":{"start":{"line":34,"column":2},"end":{"line":34,"column":50}},"line":34},"20":{"name":"(anonymous_20)","decl":{"start":{"line":34,"column":25},"end":{"line":34,"column":26}},"loc":{"start":{"line":34,"column":35},"end":{"line":34,"column":49}},"line":34},"21":{"name":"(anonymous_21)","decl":{"start":{"line":36,"column":28},"end":{"line":36,"column":29}},"loc":{"start":{"line":37,"column":2},"end":{"line":39,"column":49}},"line":37},"22":{"name":"(anonymous_22)","decl":{"start":{"line":38,"column":9},"end":{"line":38,"column":10}},"loc":{"start":{"line":38,"column":22},"end":{"line":38,"column":70}},"line":38},"23":{"name":"(anonymous_23)","decl":{"start":{"line":38,"column":50},"end":{"line":38,"column":51}},"loc":{"start":{"line":38,"column":55},"end":{"line":38,"column":69}},"line":38},"24":{"name":"(anonymous_24)","decl":{"start":{"line":41,"column":32},"end":{"line":41,"column":33}},"loc":{"start":{"line":42,"column":2},"end":{"line":42,"column":59}},"line":42},"25":{"name":"(anonymous_25)","decl":{"start":{"line":42,"column":32},"end":{"line":42,"column":33}},"loc":{"start":{"line":42,"column":44},"end":{"line":42,"column":58}},"line":42},"26":{"name":"(anonymous_26)","decl":{"start":{"line":44,"column":31},"end":{"line":44,"column":32}},"loc":{"start":{"line":44,"column":52},"end":{"line":45,"column":55}},"line":44},"27":{"name":"(anonymous_27)","decl":{"start":{"line":44,"column":52},"end":{"line":44,"column":53}},"loc":{"start":{"line":45,"column":2},"end":{"line":45,"column":55}},"line":45},"28":{"name":"(anonymous_28)","decl":{"start":{"line":45,"column":30},"end":{"line":45,"column":31}},"loc":{"start":{"line":45,"column":40},"end":{"line":45,"column":54}},"line":45}},"branchMap":{},"s":{"0":6,"1":8,"2":6,"3":8,"4":6,"5":8,"6":6,"7":8,"8":6,"9":8,"10":6,"11":8,"12":6,"13":8,"14":6,"15":8,"16":6,"17":0,"18":6,"19":8,"20":6,"21":8,"22":6,"23":8,"24":6,"25":0,"26":6,"27":0,"28":6,"29":0,"30":6,"31":0,"32":6,"33":0,"34":6,"35":0,"36":6,"37":1,"38":2,"39":2,"40":6,"41":4,"42":6,"43":8,"44":6,"45":8,"46":2,"47":6,"48":1,"49":2,"50":2},"f":{"0":8,"1":8,"2":8,"3":8,"4":8,"5":8,"6":8,"7":8,"8":0,"9":8,"10":8,"11":8,"12":0,"13":0,"14":0,"15":0,"16":0,"17":0,"18":1,"19":2,"20":2,"21":4,"22":6,"23":8,"24":8,"25":2,"26":1,"27":2,"28":2},"b":{},"_coverageSchema":"1a1c01bbd47fc00a2c39e90264f33305004495a9","hash":"915df23abe5114529d43670d2851e7c9a31d15b5"}
,"D:\\Projects\\github-issue-viewer\\GithubIssueViewer\\src\\styles\\index.tsx": {"path":"D:\\Projects\\github-issue-viewer\\GithubIssueViewer\\src\\styles\\index.tsx","statementMap":{"0":{"start":{"line":3,"column":15},"end":{"line":28,"column":2}},"1":{"start":{"line":30,"column":27},"end":{"line":30,"column":36}}},"fnMap":{},"branchMap":{},"s":{"0":5,"1":5},"f":{},"b":{},"_coverageSchema":"1a1c01bbd47fc00a2c39e90264f33305004495a9","hash":"9c1b3a0d19db727c0494d28cf9ebbd68a877e071"}
,"D:\\Projects\\github-issue-viewer\\GithubIssueViewer\\src\\testData\\testIssue.ts": {"path":"D:\\Projects\\github-issue-viewer\\GithubIssueViewer\\src\\testData\\testIssue.ts","statementMap":{"0":{"start":{"line":3,"column":46},"end":{"line":58,"column":1}}},"fnMap":{},"branchMap":{},"s":{"0":5},"f":{},"b":{},"_coverageSchema":"1a1c01bbd47fc00a2c39e90264f33305004495a9","hash":"7beeb9b7e21ca285c02fb3362a84d01b1e1f777a"}
,"D:\\Projects\\github-issue-viewer\\GithubIssueViewer\\src\\testData\\testRepo.ts": {"path":"D:\\Projects\\github-issue-viewer\\GithubIssueViewer\\src\\testData\\testRepo.ts","statementMap":{"0":{"start":{"line":3,"column":38},"end":{"line":24,"column":1}},"1":{"start":{"line":26,"column":50},"end":{"line":129,"column":1}},"2":{"start":{"line":131,"column":57},"end":{"line":230,"column":1}}},"fnMap":{},"branchMap":{},"s":{"0":1,"1":1,"2":1},"f":{},"b":{},"_coverageSchema":"1a1c01bbd47fc00a2c39e90264f33305004495a9","hash":"54c63798dc96242e2454b7f4305752de9b1d37a8"}
,"D:\\Projects\\github-issue-viewer\\GithubIssueViewer\\src\\utils\\index.ts": {"path":"D:\\Projects\\github-issue-viewer\\GithubIssueViewer\\src\\utils\\index.ts","statementMap":{"0":{"start":{"line":10,"column":25},"end":{"line":23,"column":1}},"1":{"start":{"line":16,"column":2},"end":{"line":18,"column":3}},"2":{"start":{"line":17,"column":4},"end":{"line":17,"column":17}},"3":{"start":{"line":20,"column":15},"end":{"line":20,"column":46}},"4":{"start":{"line":22,"column":2},"end":{"line":22,"column":30}},"5":{"start":{"line":25,"column":34},"end":{"line":29,"column":26}},"6":{"start":{"line":26,"column":2},"end":{"line":29,"column":26}}},"fnMap":{"0":{"name":"(anonymous_0)","decl":{"start":{"line":10,"column":25},"end":{"line":10,"column":26}},"loc":{"start":{"line":15,"column":31},"end":{"line":23,"column":1}},"line":15},"1":{"name":"(anonymous_1)","decl":{"start":{"line":25,"column":34},"end":{"line":25,"column":35}},"loc":{"start":{"line":26,"column":2},"end":{"line":29,"column":26}},"line":26}},"branchMap":{"0":{"loc":{"start":{"line":16,"column":2},"end":{"line":18,"column":3}},"type":"if","locations":[{"start":{"line":16,"column":2},"end":{"line":18,"column":3}},{"start":{"line":16,"column":2},"end":{"line":18,"column":3}}],"line":16},"1":{"loc":{"start":{"line":16,"column":6},"end":{"line":16,"column":26}},"type":"binary-expr","locations":[{"start":{"line":16,"column":6},"end":{"line":16,"column":17}},{"start":{"line":16,"column":21},"end":{"line":16,"column":26}}],"line":16},"2":{"loc":{"start":{"line":20,"column":15},"end":{"line":20,"column":46}},"type":"cond-expr","locations":[{"start":{"line":20,"column":29},"end":{"line":20,"column":37}},{"start":{"line":20,"column":40},"end":{"line":20,"column":46}}],"line":20},"3":{"loc":{"start":{"line":26,"column":2},"end":{"line":29,"column":26}},"type":"binary-expr","locations":[{"start":{"line":26,"column":2},"end":{"line":26,"column":27}},{"start":{"line":27,"column":2},"end":{"line":27,"column":26}},{"start":{"line":28,"column":2},"end":{"line":28,"column":26}},{"start":{"line":29,"column":2},"end":{"line":29,"column":26}}],"line":26}},"s":{"0":3,"1":4,"2":0,"3":4,"4":4,"5":3,"6":24},"f":{"0":4,"1":24},"b":{"0":[0,4],"1":[4,0],"2":[0,4],"3":[24,24,24,20]},"_coverageSchema":"1a1c01bbd47fc00a2c39e90264f33305004495a9","hash":"3449014f3ae921a085bb423b1e23f942ab2c73e4"}
}
