TN:
SF:src\actions\index.tsx
FN:61,(anonymous_0)
FN:74,(anonymous_1)
FN:89,(anonymous_2)
FN:103,(anonymous_3)
FN:118,(anonymous_4)
FN:135,(anonymous_5)
FN:149,(anonymous_6)
FN:163,(anonymous_7)
FN:176,(anonymous_8)
FN:193,(anonymous_9)
FN:209,(anonymous_10)
FN:217,(anonymous_11)
FN:227,(anonymous_12)
FN:241,(anonymous_13)
FN:259,(anonymous_14)
FN:269,(anonymous_15)
FN:283,(anonymous_16)
FN:302,(anonymous_17)
FN:313,(anonymous_18)
FN:322,(anonymous_19)
FN:333,(anonymous_20)
FN:342,(anonymous_21)
FN:355,(anonymous_22)
FN:369,(anonymous_23)
FNF:24
FNH:4
FNDA:0,(anonymous_0)
FNDA:0,(anonymous_1)
FNDA:0,(anonymous_2)
FNDA:0,(anonymous_3)
FNDA:0,(anonymous_4)
FNDA:0,(anonymous_5)
FNDA:0,(anonymous_6)
FNDA:0,(anonymous_7)
FNDA:0,(anonymous_8)
FNDA:0,(anonymous_9)
FNDA:0,(anonymous_10)
FNDA:0,(anonymous_11)
FNDA:0,(anonymous_12)
FNDA:1,(anonymous_13)
FNDA:0,(anonymous_14)
FNDA:1,(anonymous_15)
FNDA:1,(anonymous_16)
FNDA:1,(anonymous_17)
FNDA:0,(anonymous_18)
FNDA:0,(anonymous_19)
FNDA:0,(anonymous_20)
FNDA:0,(anonymous_21)
FNDA:0,(anonymous_22)
FNDA:0,(anonymous_23)
DA:13,4
DA:15,4
DA:17,4
DA:19,4
DA:20,4
DA:21,4
DA:22,4
DA:24,4
DA:25,4
DA:26,4
DA:28,4
DA:29,4
DA:30,4
DA:31,4
DA:32,4
DA:34,4
DA:35,4
DA:36,4
DA:38,4
DA:40,4
DA:42,4
DA:43,4
DA:46,4
DA:47,4
DA:49,4
DA:50,4
DA:52,4
DA:53,4
DA:55,4
DA:61,4
DA:74,4
DA:76,0
DA:89,4
DA:92,0
DA:103,4
DA:105,0
DA:118,4
DA:123,0
DA:135,4
DA:137,0
DA:149,4
DA:152,0
DA:163,4
DA:176,4
DA:181,0
DA:193,4
DA:209,4
DA:211,0
DA:217,4
DA:227,4
DA:241,4
DA:246,1
DA:259,4
DA:269,4
DA:283,4
DA:289,1
DA:302,4
DA:313,4
DA:322,4
DA:324,0
DA:333,4
DA:342,4
DA:344,0
DA:355,4
DA:358,0
DA:369,4
LF:66
LH:55
BRDA:91,0,0,0
BRDA:151,1,0,0
BRDA:244,2,0,0
BRDA:245,3,0,0
BRF:4
BRH:0
end_of_record
TN:
SF:src\components\App\App.tsx
FN:27,(anonymous_0)
FNF:1
FNH:1
FNDA:1,(anonymous_0)
DA:25,1
DA:27,1
DA:28,1
DA:30,1
LF:4
LH:4
BRDA:31,0,0,0
BRDA:31,0,1,1
BRF:2
BRH:1
end_of_record
TN:
SF:src\components\Bookmark\Bookmark.tsx
FN:4,Bookmark
FNF:1
FNH:1
FNDA:4,Bookmark
DA:5,4
LF:1
LH:1
BRF:0
BRH:0
end_of_record
TN:
SF:src\components\BookmarksList\BookmarksList.tsx
FN:17,(anonymous_0)
FN:28,(anonymous_1)
FN:32,(anonymous_2)
FN:34,(anonymous_3)
FNF:4
FNH:3
FNDA:4,(anonymous_0)
FNDA:6,(anonymous_1)
FNDA:1,(anonymous_2)
FNDA:0,(anonymous_3)
DA:17,2
DA:18,4
DA:20,4
DA:22,4
DA:29,6
DA:32,1
DA:34,0
LF:7
LH:6
BRDA:27,0,0,4
BRDA:27,0,1,4
BRDA:36,1,0,2
BRDA:36,1,1,4
BRF:4
BRH:4
end_of_record
TN:
SF:src\components\BookmarksList\styles.ts
FNF:0
FNH:0
DA:4,2
LF:1
LH:1
BRF:0
BRH:0
end_of_record
TN:
SF:src\components\Header\Header.tsx
FN:11,(anonymous_0)
FN:21,(anonymous_1)
FN:27,(anonymous_2)
FNF:3
FNH:3
FNDA:3,(anonymous_0)
FNDA:1,(anonymous_1)
FNDA:1,(anonymous_2)
DA:11,2
DA:13,3
DA:15,3
DA:21,1
DA:27,1
LF:5
LH:5
BRF:0
BRH:0
end_of_record
TN:
SF:src\components\Header\styles.ts
FNF:0
FNH:0
DA:3,2
LF:1
LH:1
BRF:0
BRH:0
end_of_record
TN:
SF:src\components\Issue\Issue.tsx
FN:25,(anonymous_0)
FN:37,(anonymous_1)
FN:52,(anonymous_2)
FN:61,(anonymous_3)
FNF:4
FNH:4
FNDA:19,(anonymous_0)
FNDA:1,(anonymous_1)
FNDA:1,(anonymous_2)
FNDA:1,(anonymous_3)
DA:25,4
DA:33,19
DA:35,19
DA:37,1
DA:52,1
DA:61,1
LF:6
LH:6
BRDA:29,0,0,4
BRDA:42,1,0,19
BRDA:42,1,1,19
BRDA:48,2,0,9
BRDA:48,2,1,10
BRDA:48,3,0,19
BRDA:48,3,1,9
BRDA:57,4,0,10
BRDA:57,4,1,9
BRDA:57,5,0,19
BRDA:57,5,1,10
BRF:11
BRH:11
end_of_record
TN:
SF:src\components\Issue\styles.ts
FNF:0
FNH:0
DA:4,4
LF:1
LH:1
BRF:0
BRH:0
end_of_record
TN:
SF:src\components\IssueViewer\IssueViewer.tsx
FN:15,(anonymous_0)
FNF:1
FNH:1
FNDA:2,(anonymous_0)
DA:15,2
DA:16,2
DA:17,2
DA:19,2
DA:21,2
LF:5
LH:5
BRDA:16,0,0,1
BRDA:16,0,1,1
BRDA:25,1,0,2
BRDA:25,1,1,2
BRDA:31,2,0,0
BRDA:31,2,1,2
BRDA:40,3,0,2
BRDA:40,3,1,0
BRDA:46,4,0,0
BRDA:46,4,1,2
BRF:10
BRH:7
end_of_record
TN:
SF:src\components\IssueViewer\styles.ts
FNF:0
FNH:0
DA:3,2
LF:1
LH:1
BRF:0
BRH:0
end_of_record
TN:
SF:src\components\IssuesFilter\IssuesFilter.tsx
FN:23,(anonymous_0)
FN:36,(anonymous_1)
FNF:2
FNH:1
FNDA:8,(anonymous_0)
FNDA:0,(anonymous_1)
DA:12,4
DA:13,4
DA:14,4
DA:21,4
DA:23,4
DA:24,8
DA:25,8
DA:26,8
DA:28,8
DA:36,0
LF:10
LH:9
BRF:0
BRH:0
end_of_record
TN:
SF:src\components\IssuesFilter\styles.ts
FNF:0
FNH:0
DA:3,4
LF:1
LH:1
BRF:0
BRH:0
end_of_record
TN:
SF:src\components\IssuesList\IssuesList.tsx
FN:29,(anonymous_0)
FN:57,(anonymous_1)
FN:63,(anonymous_2)
FN:67,(anonymous_3)
FN:68,(anonymous_4)
FN:69,(anonymous_5)
FN:88,(anonymous_6)
FNF:7
FNH:4
FNDA:8,(anonymous_0)
FNDA:0,(anonymous_1)
FNDA:8,(anonymous_2)
FNDA:1,(anonymous_3)
FNDA:1,(anonymous_4)
FNDA:0,(anonymous_5)
FNDA:0,(anonymous_6)
DA:29,2
DA:34,8
DA:35,8
DA:36,8
DA:37,8
DA:38,8
DA:39,8
DA:40,8
DA:42,8
DA:44,8
DA:46,8
DA:57,0
DA:64,8
DA:67,1
DA:68,1
DA:69,0
DA:89,0
LF:17
LH:14
BRDA:52,0,0,0
BRDA:52,0,1,8
BRDA:62,1,0,8
BRDA:62,1,1,6
BRDA:72,2,0,2
BRDA:72,2,1,6
BRDA:79,3,0,8
BRDA:79,3,1,0
BRDA:83,4,0,0
BRDA:83,4,1,8
BRDA:89,5,0,0
BRDA:89,5,1,0
BRF:12
BRH:7
end_of_record
TN:
SF:src\components\IssuesList\styles.ts
FNF:0
FNH:0
DA:4,2
LF:1
LH:1
BRF:0
BRH:0
end_of_record
TN:
SF:src\components\OrgsList\OrgsList.tsx
FN:33,(anonymous_0)
FN:50,(anonymous_1)
FN:56,(anonymous_2)
FN:59,(anonymous_3)
FN:75,(anonymous_4)
FNF:5
FNH:0
FNDA:0,(anonymous_0)
FNDA:0,(anonymous_1)
FNDA:0,(anonymous_2)
FNDA:0,(anonymous_3)
FNDA:0,(anonymous_4)
DA:29,1
DA:33,1
DA:34,0
DA:35,0
DA:36,0
DA:37,0
DA:39,0
DA:41,0
DA:43,0
DA:50,0
DA:57,0
DA:59,0
DA:76,0
LF:13
LH:2
BRDA:45,0,0,0
BRDA:45,0,1,0
BRDA:55,1,0,0
BRDA:55,1,1,0
BRDA:66,2,0,0
BRDA:66,2,1,0
BRDA:70,3,0,0
BRDA:70,3,1,0
BRDA:76,4,0,0
BRDA:76,4,1,0
BRF:10
BRH:0
end_of_record
TN:
SF:src\components\OrgsList\styles.ts
FNF:0
FNH:0
DA:3,1
LF:1
LH:1
BRF:0
BRH:0
end_of_record
TN:
SF:src\components\Pagination\Pagination.tsx
FN:15,(anonymous_0)
FN:26,(anonymous_1)
FN:37,(anonymous_2)
FN:55,(anonymous_3)
FN:66,(anonymous_4)
FNF:5
FNH:1
FNDA:4,(anonymous_0)
FNDA:0,(anonymous_1)
FNDA:0,(anonymous_2)
FNDA:0,(anonymous_3)
FNDA:0,(anonymous_4)
DA:15,3
DA:21,4
DA:22,4
DA:26,0
DA:37,0
DA:55,0
DA:66,0
LF:7
LH:3
BRDA:26,0,0,0
BRDA:26,0,1,0
BRDA:30,1,0,4
BRDA:30,1,1,4
BRDA:37,2,0,0
BRDA:37,2,1,0
BRDA:41,3,0,4
BRDA:41,3,1,4
BRDA:47,4,0,4
BRDA:47,4,1,0
BRDA:55,5,0,0
BRDA:55,5,1,0
BRDA:59,6,0,4
BRDA:59,6,1,0
BRDA:66,7,0,0
BRDA:66,7,1,0
BRDA:70,8,0,4
BRDA:70,8,1,0
BRF:18
BRH:7
end_of_record
TN:
SF:src\components\Pagination\styles.ts
FNF:0
FNH:0
DA:3,3
LF:1
LH:1
BRF:0
BRH:0
end_of_record
TN:
SF:src\components\ReposList\ReposList.tsx
FN:33,(anonymous_0)
FN:50,(anonymous_1)
FN:56,(anonymous_2)
FN:59,(anonymous_3)
FN:87,(anonymous_4)
FNF:5
FNH:3
FNDA:4,(anonymous_0)
FNDA:0,(anonymous_1)
FNDA:8,(anonymous_2)
FNDA:1,(anonymous_3)
FNDA:0,(anonymous_4)
DA:29,2
DA:33,2
DA:34,4
DA:35,4
DA:36,4
DA:37,4
DA:39,4
DA:41,4
DA:43,4
DA:50,0
DA:57,8
DA:59,1
DA:88,0
LF:13
LH:11
BRDA:45,0,0,2
BRDA:45,0,1,2
BRDA:55,1,0,4
BRDA:55,1,1,4
BRDA:59,2,0,1
BRDA:59,2,1,1
BRDA:64,3,0,8
BRDA:64,3,1,8
BRDA:67,4,0,8
BRDA:67,4,1,4
BRDA:78,5,0,4
BRDA:78,5,1,3
BRDA:82,6,0,2
BRDA:82,6,1,2
BRDA:88,7,0,0
BRDA:88,7,1,0
BRF:16
BRH:14
end_of_record
TN:
SF:src\components\ReposList\styles.ts
FNF:0
FNH:0
DA:3,2
LF:1
LH:1
BRF:0
BRH:0
end_of_record
TN:
SF:src\components\SearchInput\SearchInput.tsx
FN:13,(anonymous_0)
FNF:1
FNH:0
FNDA:0,(anonymous_0)
DA:13,1
DA:14,0
DA:16,0
LF:3
LH:1
BRF:0
BRH:0
end_of_record
TN:
SF:src\components\SearchInput\styles.ts
FNF:0
FNH:0
DA:3,1
LF:1
LH:1
BRF:0
BRH:0
end_of_record
TN:
SF:src\components\Settings\Settings.tsx
FN:4,SettingsIcon
FNF:1
FNH:1
FNDA:3,SettingsIcon
DA:5,3
LF:1
LH:1
BRF:0
BRH:0
end_of_record
TN:
SF:src\components\ThemeContext\ThemeContext.tsx
FNF:0
FNH:0
DA:13,7
DA:28,7
LF:2
LH:2
BRF:0
BRH:0
end_of_record
TN:
SF:src\reducers\issues.ts
FN:36,issuesReducer
FNF:1
FNH:1
FNDA:5,issuesReducer
DA:21,1
DA:40,5
DA:42,1
DA:47,1
DA:57,1
DA:62,1
DA:67,1
LF:7
LH:7
BRDA:37,0,0,1
BRDA:40,1,0,1
BRDA:40,1,1,1
BRDA:40,1,2,1
BRDA:40,1,3,1
BRDA:40,1,4,1
BRF:6
BRH:6
end_of_record
TN:
SF:src\screens\BookmarksBrowserScreen\BookmarksBrowserScreen.tsx
FN:13,(anonymous_0)
FN:18,(anonymous_1)
FN:25,(anonymous_2)
FNF:3
FNH:0
FNDA:0,(anonymous_0)
FNDA:0,(anonymous_1)
FNDA:0,(anonymous_2)
DA:13,1
DA:14,0
DA:15,0
DA:17,0
DA:19,0
DA:24,0
DA:26,0
DA:31,0
LF:8
LH:1
BRF:0
BRH:0
end_of_record
TN:
SF:src\screens\IssueViewerScreen\IssueViewerScreen.tsx
FN:13,(anonymous_0)
FNF:1
FNH:0
FNDA:0,(anonymous_0)
DA:13,1
DA:14,0
DA:16,0
DA:17,0
DA:19,0
LF:5
LH:1
BRF:0
BRH:0
end_of_record
TN:
SF:src\screens\IssuesBrowserScreen\IssuesBrowserScreen.tsx
FN:16,(anonymous_0)
FN:24,(anonymous_1)
FN:34,(anonymous_2)
FN:41,(anonymous_3)
FNF:4
FNH:0
FNDA:0,(anonymous_0)
FNDA:0,(anonymous_1)
FNDA:0,(anonymous_2)
FNDA:0,(anonymous_3)
DA:16,1
DA:17,0
DA:18,0
DA:20,0
DA:21,0
DA:23,0
DA:25,0
DA:33,0
DA:35,0
DA:40,0
DA:42,0
DA:47,0
DA:52,0
LF:13
LH:1
BRF:0
BRH:0
end_of_record
TN:
SF:src\screens\RepoSearchScreen\RepoSearchScreen.tsx
FN:26,(anonymous_0)
FN:35,(anonymous_1)
FN:43,(anonymous_2)
FN:58,(anonymous_3)
FNF:4
FNH:0
FNDA:0,(anonymous_0)
FNDA:0,(anonymous_1)
FNDA:0,(anonymous_2)
FNDA:0,(anonymous_3)
DA:26,1
DA:27,0
DA:28,0
DA:30,0
DA:32,0
DA:34,0
DA:36,0
DA:37,0
DA:42,0
DA:44,0
DA:49,0
DA:59,0
DA:60,0
LF:13
LH:1
BRDA:65,0,0,0
BRDA:65,0,1,0
BRF:2
BRH:0
end_of_record
TN:
SF:src\selectors\index.tsx
FN:5,(anonymous_0)
FN:6,(anonymous_1)
FN:7,(anonymous_2)
FN:8,(anonymous_3)
FN:10,(anonymous_4)
FN:11,(anonymous_5)
FN:12,(anonymous_6)
FN:14,(anonymous_7)
FN:15,(anonymous_8)
FN:17,(anonymous_9)
FN:18,(anonymous_10)
FN:19,(anonymous_11)
FN:21,(anonymous_12)
FN:22,(anonymous_13)
FN:24,(anonymous_14)
FN:26,(anonymous_15)
FN:28,(anonymous_16)
FN:30,(anonymous_17)
FN:33,(anonymous_18)
FN:33,(anonymous_19)
FN:34,(anonymous_20)
FN:36,(anonymous_21)
FN:38,(anonymous_22)
FN:38,(anonymous_23)
FN:41,(anonymous_24)
FN:42,(anonymous_25)
FN:44,(anonymous_26)
FN:44,(anonymous_27)
FN:45,(anonymous_28)
FNF:29
FNH:22
FNDA:8,(anonymous_0)
FNDA:8,(anonymous_1)
FNDA:8,(anonymous_2)
FNDA:8,(anonymous_3)
FNDA:8,(anonymous_4)
FNDA:8,(anonymous_5)
FNDA:8,(anonymous_6)
FNDA:8,(anonymous_7)
FNDA:0,(anonymous_8)
FNDA:8,(anonymous_9)
FNDA:8,(anonymous_10)
FNDA:8,(anonymous_11)
FNDA:0,(anonymous_12)
FNDA:0,(anonymous_13)
FNDA:0,(anonymous_14)
FNDA:0,(anonymous_15)
FNDA:0,(anonymous_16)
FNDA:0,(anonymous_17)
FNDA:1,(anonymous_18)
FNDA:2,(anonymous_19)
FNDA:2,(anonymous_20)
FNDA:4,(anonymous_21)
FNDA:6,(anonymous_22)
FNDA:8,(anonymous_23)
FNDA:8,(anonymous_24)
FNDA:2,(anonymous_25)
FNDA:1,(anonymous_26)
FNDA:2,(anonymous_27)
FNDA:2,(anonymous_28)
DA:5,8
DA:6,8
DA:7,8
DA:8,6
DA:9,8
DA:10,8
DA:11,8
DA:12,8
DA:14,8
DA:15,6
DA:16,0
DA:17,8
DA:18,8
DA:19,8
DA:21,6
DA:22,6
DA:23,0
DA:24,6
DA:25,0
DA:26,6
DA:27,0
DA:28,6
DA:30,6
DA:31,0
DA:33,6
DA:34,2
DA:36,6
DA:37,4
DA:38,8
DA:41,6
DA:42,8
DA:44,6
DA:45,2
LF:33
LH:28
BRF:0
BRH:0
end_of_record
TN:
SF:src\styles\index.tsx
FNF:0
FNH:0
DA:3,5
DA:30,5
LF:2
LH:2
BRF:0
BRH:0
end_of_record
TN:
SF:src\testData\testIssue.ts
FNF:0
FNH:0
DA:3,5
LF:1
LH:1
BRF:0
BRH:0
end_of_record
TN:
SF:src\testData\testRepo.ts
FNF:0
FNH:0
DA:3,1
DA:26,1
DA:131,1
LF:3
LH:3
BRF:0
BRH:0
end_of_record
TN:
SF:src\utils\index.ts
FN:10,(anonymous_0)
FN:25,(anonymous_1)
FNF:2
FNH:2
FNDA:4,(anonymous_0)
FNDA:24,(anonymous_1)
DA:10,3
DA:16,4
DA:17,0
DA:20,4
DA:22,4
DA:25,3
DA:26,24
LF:7
LH:6
BRDA:16,0,0,0
BRDA:16,0,1,4
BRDA:16,1,0,4
BRDA:16,1,1,0
BRDA:20,2,0,0
BRDA:20,2,1,4
BRDA:26,3,0,24
BRDA:26,3,1,24
BRDA:26,3,2,24
BRDA:26,3,3,20
BRF:10
BRH:7
end_of_record
